Warning: you are using the standard library and/or the %inline keyword. We
recommend switching on --infer in order to avoid obscure type error messages.
6 shift/reduce conflicts.
File "src/basic/ml/FStar_Util.ml", line 47, characters 57-65:
Warning 40: st_mtime was selected from type BatUnix.stats.
It is not visible in the current scope, and will not 
be selected if the type becomes unknown.
File "src/basic/ml/FStar_Util.ml", line 47, characters 57-65:
Warning 40: st_mtime was selected from type BatUnix.stats.
It is not visible in the current scope, and will not 
be selected if the type becomes unknown.
.\Crypto.AEAD.Decrypt.fst(70,21-70,38) : (Error) Identifier not found: [CMAWrapper.verify_separation]
Module CMAWrapper resolved into Crypto.AEAD.Wrappers.CMA, definition verify_separation not found
make[1]: *** [Makefile:64: Crypto.AEAD.Decrypt.fst-ver] Error 1
make[1]: *** Waiting for unfinished jobs....
Warning: Unable to open hints file: C:\Build\Agent\_work\1\s\examples\low-level\crypto\Crypto.AEAD.BufferUtils.fst.hints; ran without hints
Warning: Unable to open hints file: C:\Build\Agent\_work\1\s\examples\low-level\crypto\Crypto.AEAD.Wrappers.Encoding.fst.hints; ran without hints
.\Crypto.AEAD.Wrappers.Encoding.fst(84,20-84,39): (Error) could not prove post-condition (see .\Crypto.AEAD.Wrappers.Encoding.fst(76,4-76,112))
Verified module: Crypto.AEAD.Wrappers.Encoding (69994 milliseconds)
1 error was reported (see above)
make[1]: *** [Makefile:64: Crypto.AEAD.Wrappers.Encoding.fst-ver] Error 1
Warning: Unable to open hints file: C:\Build\Agent\_work\1\s\examples\low-level\crypto\Crypto.AEAD.PRF_MAC.fst.hints; ran without hints
Warning: Unable to open hints file: C:\Build\Agent\_work\1\s\examples\low-level\crypto\Crypto.AEAD.Wrappers.CMA.fst.hints; ran without hints
.\Crypto.AEAD.Wrappers.CMA.fst(66,27-66,57): (Error) could not prove post-condition
Verified module: Crypto.AEAD.Wrappers.CMA (217650 milliseconds)
1 error was reported (see above)
make[1]: *** [Makefile:64: Crypto.AEAD.Wrappers.CMA.fst-ver] Error 1
make: *** [Makefile:246: utest] Error 2
