make[1]: warning: jobserver unavailable: using -j1.  Add '+' to parent make rule.
make[1]: warning: jobserver unavailable: using -j1.  Add '+' to parent make rule.
Warning: you are using the standard library and/or the %inline keyword. We
recommend switching on --infer in order to avoid obscure type error messages.
warning: CRLF will be replaced by LF in src/parser/parse.fsi.
The file will have its original line endings in your working directory.
6 shift/reduce conflicts.
File "src/basic/ml/FStar_Util.ml", line 47, characters 57-65:
Warning 40: st_mtime was selected from type BatUnix.stats.
It is not visible in the current scope, and will not 
be selected if the type becomes unknown.
File "src/basic/ml/FStar_Util.ml", line 47, characters 57-65:
Warning 40: st_mtime was selected from type BatUnix.stats.
It is not visible in the current scope, and will not 
be selected if the type becomes unknown.
.\Ex01a.fst(67,3-67,3): (Warning) Top-level let-bindings must be total; this term may have effects
.\ifcExample.fst(10,3-10,3): (Warning) Top-level let-bindings must be total; this term may have effects
.\ifcExample.fst(11,3-11,3): (Warning) Top-level let-bindings must be total; this term may have effects
.\ifcExample.fst(12,3-12,3): (Warning) Top-level let-bindings must be total; this term may have effects
.\ifcExample.fst(13,3-13,3): (Warning) Top-level let-bindings must be total; this term may have effects
.\Encrypt_SymEnc.fst(29,3-29,3): (Warning) Top-level let-bindings must be total; this term may have effects
.\MAC.fst(45,3-45,3): (Warning) Top-level let-bindings must be total; this term may have effects
.\Crypto.Symmetric.GCM.fst(69,2-69,7) : (Error) Identifier not found: [ghash]
Unexpected error
FStar_Syntax_Syntax.Error(_)
Raised by primitive operation at file "src/batString.mlv", line 145, characters 30-54
Called from file "src/batReturn.ml", line 29, characters 6-29

make[4]: *** [Makefile:96: Crypto.Symmetric.GCM.fst-ver] Error 1
.\TestMRef.fst(8,3-8,3): (Warning) Top-level let-bindings must be total; this term may have effects
.\Ex10a.fst(26,3-26,3): (Warning) Top-level let-bindings must be total; this term may have effects
.\Ex12a.Cap.fst(20,3-20,3): (Warning) Top-level let-bindings must be total; this term may have effects
.\Ex10a.fst(26,3-26,3): (Warning) Top-level let-bindings must be total; this term may have effects
.\Crypto.Symmetric.GCM.fst(69,2-69,7) : (Error) Identifier not found: [ghash]
Unexpected error
FStar_Syntax_Syntax.Error(_)
Raised by primitive operation at file "src/batString.mlv", line 145, characters 30-54
Called from file "src/batReturn.ml", line 29, characters 6-29

make[4]: *** [Makefile:96: Crypto.AEAD.AES256GCM.fst-ver] Error 1
.\TestMRef.fst(8,3-8,3): (Warning) Top-level let-bindings must be total; this term may have effects
.\Ex12b.RPC.fst(8,3-8,3): (Warning) Top-level let-bindings must be total; this term may have effects
.\Ex12b.RPC.fst(21,3-21,3): (Warning) Top-level let-bindings must be total; this term may have effects
.\Ex12b.RPC.fst(53,3-53,3): (Warning) Top-level let-bindings must be total; this term may have effects
.\Ex12b.RPC.fst(123,3-123,3): (Warning) Top-level let-bindings must be total; this term may have effects
.\Mac.fst(69,3-69,3): (Warning) Top-level let-bindings must be total; this term may have effects
.\Ex12a.Cap.fst(18,3-18,3): (Warning) Top-level let-bindings must be total; this term may have effects
.\Crypto.Symmetric.MAC.fst(126,20-126,37): (Error) Subtyping check failed; expected type (elem i); got type (s#8670:(seq (limb GHASH)){(b2t (op_Equality (length s@0) (length b)))}) (see unknown(0,0-0,0))
.\Crypto.Symmetric.MAC.fst(170,53-170,56): (Error) Subtyping check failed; expected type (limb GHASH); got type t (see unknown(0,0-0,0))
.\Crypto.Symmetric.MAC.fst(192,35-192,38): (Error) Subtyping check failed; expected type (limb GHASH); got type t (see unknown(0,0-0,0))
.\Crypto.Symmetric.MAC.fst(221,16-221,17): (Error) Subtyping check failed; expected type (elem i); got type word_16 (see unknown(0,0-0,0))
.\Crypto.Symmetric.MAC.fst(243,14-243,15): (Error) Subtyping check failed; expected type (buffer_of GHASH); got type (buffer t) (see .\Crypto.Symmetric.MAC.fst(72,35-72,43))
Verified module: Crypto.Symmetric.MAC (390903 milliseconds)
5 errors were reported (see above)
make[4]: *** [Makefile:96: Crypto.Symmetric.MAC.fst-ver] Error 1
make[4]: Target 'all' not remade because of errors.
make[3]: *** [Makefile:35: uall] Error 2
make[2]: *** [Makefile:48: low-level.uall] Error 2
make[2]: Target 'uall' not remade because of errors.
make[1]: *** [Makefile:272: uexamples] Error 2
make[1]: Target 'uregressions' not remade because of errors.
make: *** [Makefile:249: utest] Error 2
