make[1]: warning: jobserver unavailable: using -j1.  Add '+' to parent make rule.
make[1]: warning: jobserver unavailable: using -j1.  Add '+' to parent make rule.
make[2]: warning: -jN forced in submake: disabling jobserver mode.
Warning: you are using the standard library and/or the %inline keyword. We
recommend switching on --infer in order to avoid obscure type error messages.
warning: CRLF will be replaced by LF in src/parser/parse.fsi.
The file will have its original line endings in your working directory.
make[4]: warning: -jN forced in submake: disabling jobserver mode.
Warning: you are using the standard library and/or the %inline keyword. We
recommend switching on --infer in order to avoid obscure type error messages.
warning: CRLF will be replaced by LF in src/parser/ml/parse.mly.
The file will have its original line endings in your working directory.
warning: CRLF will be replaced by LF in src/parser/parse.fsi.
The file will have its original line endings in your working directory.
make[4]: warning: jobserver unavailable: using -j1.  Add '+' to parent make rule.
make[5]: warning: -jN forced in submake: disabling jobserver mode.
.\IntSort.fst(2,16-2,19) : (Error) Namespace FStar.List.Tot cannot be found
make[3]: *** [../Makefile.include:63: IntSort.uver] Error 1
make[3]: *** Waiting for unfinished jobs....
.\Gcd.fst(2,11-2,15) : (Error) Namespace FStar.List cannot be found
.\SimplePrintf.fst(3,11-3,15) : (Error) Namespace FStar.Char cannot be found
make[3]: *** [../Makefile.include:63: Gcd.uver] Error 1
make[2]: *** [Makefile:48: maths.uall] Error 2
make[2]: *** Waiting for unfinished jobs....
make[3]: *** [../Makefile.include:63: SimplePrintf.uver] Error 1
make[2]: *** [Makefile:48: printf.uall] Error 2
.\ParSubst.fst(19,11-19,35) : (Error) Namespace FStar.FunctionalExtensionality cannot be found
make[3]: *** [../Makefile.include:63: ParSubst.uver] Error 1
make[2]: *** [Makefile:48: metatheory.uall] Error 2
.\BinarySearch.fst(20,11-20,14) : (Error) Namespace FStar.Seq cannot be found
make[3]: *** [../Makefile.include:63: BinarySearch.uver] Error 1
make[2]: *** [Makefile:48: algorithms.uall] Error 2
.\FStar.Set.fst(19,11-19,35) : (Error) Namespace FStar.FunctionalExtensionality cannot be found
make[6]: *** [Makefile:70: mgen] Error 1
make[5]: *** [Makefile:26: .mgen] Error 2
make[4]: *** [Makefile:47: ../../ulib/ml/fstarlib.cmxa] Error 2
make[3]: *** [Makefile:38: uall] Error 2
make[2]: *** [Makefile:48: low-level.uall] Error 2
.\ImmutableST.fst(3,5-3,13) : (Error) Namespace Preorder cannot be found
make[3]: *** [../Makefile.include:63: ImmutableST.uver] Error 1
make[3]: *** Waiting for unfinished jobs....
.\FStar.Int.fst(2,11-2,14) : (Error) Namespace FStar.Mul cannot be found
.\FStar.ST.fst(17,11-17,15) : (Error) Namespace FStar.TSet cannot be found
make[2]: *** [Makefile:14: FStar.Int.fst-ver] Error 1
make[2]: *** Waiting for unfinished jobs....
make[2]: *** [Makefile:14: FStar.ST.fst-ver] Error 1
.\FStar.DM4F.MonadLaws.fst(3,11-3,35) : (Error) Namespace FStar.FunctionalExtensionality cannot be found
make[3]: *** [Makefile:28: FStar.DM4F.MonadLaws.uver] Error 1
make[3]: *** Waiting for unfinished jobs....
.\Unit1.Projectors2.fst(2,11-2,22) : (Error) Namespace Unit1.Projectors1 cannot be found
make[3]: *** [../Makefile.include:63: Unit1.Projectors2.uver] Error 1
make[3]: *** Waiting for unfinished jobs....
.\FStar.TwoLevelHeap.fst(17,11-17,14) : (Error) Namespace FStar.Map cannot be found
make[2]: *** [Makefile:14: FStar.TwoLevelHeap.fst-ver] Error 1
.\FStar.Integers.fst(10,31-10,32) : (Error) Identifier not found: [FStar.UInt8.t]
Module FStar.UInt8 does not belong to the list of modules in scope, namely Prims
make[2]: *** [Makefile:14: FStar.Integers.fst-ver] Error 1
.\BinarySearchTreeFirst.fst(27,16-27,19) : (Error) Namespace FStar.List.Tot cannot be found
make[3]: *** [../Makefile.include:63: BinarySearchTreeFirst.uver] Error 1
make[3]: *** Waiting for unfinished jobs....
.\AllocST.fst(3,5-3,13) : (Error) Namespace Preorder cannot be found
make[3]: *** [../Makefile.include:63: AllocST.uver] Error 1
make[2]: *** [Makefile:48: preorders.uall] Error 2
.\Unit1.Projectors1.fst(2,11-2,20) : (Error) Namespace FStar.BaseTypes cannot be found
make[3]: *** [../Makefile.include:63: Unit1.Projectors1.uver] Error 1
make[2]: *** [Makefile:48: unit-tests.uall] Error 2
.\bijection.fst(5,32-5,45): (Warning) Pattern misses at least one bound variable: x#708
WARNING: (3841,6): pattern does not contain all quantified variables.
.\bijection.fst(5,32-5,45): (Warning) Pattern misses at least one bound variable: x#3554
.\random_tapes.fst(3,5-3,8) : (Error) Namespace Rel cannot be found
make[3]: *** [Makefile:19: random_tapes] Error 1
make[3]: *** Waiting for unfinished jobs....
.\Effects.Def.fst(15,11-15,35) : (Error) Namespace FStar.FunctionalExtensionality cannot be found
make[3]: *** [Makefile:28: Effects.Def.uver] Error 1
make[2]: *** [Makefile:48: dm4free.uall] Error 2
.\Encrypt_Sample.fst(3,17-3,22) : (Error) Identifier not found: [AES.plain]
Module AES does not belong to the list of modules in scope, namely Prims
make[3]: *** [Makefile:43: verify-Encrypt_Sample.fst] Error 1
make[3]: *** Waiting for unfinished jobs....
.\SHA1.fst(2,11-2,14) : (Error) Namespace FStar.Seq cannot be found
make[3]: *** [Makefile:43: verify-SHA1.fst] Error 1
.\Ex03b.fst(7,24-7,41) : (Error) Effects PURE and ML cannot be composed
make[3]: *** [Makefile:39: verify-Ex03b.fst] Error 1
make[3]: *** Waiting for unfinished jobs....
.\Ex01a.fst(25,23-25,35) : (Error) Identifier not found: [FStar.IO.print_string]
Module FStar.IO does not belong to the list of modules in scope, namely Prims
make[3]: *** [Makefile:42: verify-Ex01a.fst] Error 1
make[3]: *** Waiting for unfinished jobs....
.\PropositionalExtensionalityInconsistent.fst(29,11-29,35) : (Error) Namespace FStar.FunctionalExtensionality cannot be found
make[3]: *** [Makefile:21: propext] Error 1
make[2]: *** [Makefile:48: paradoxes.uall] Error 2
.\AES.fst(2,11-2,16) : (Error) Namespace FStar.Array cannot be found
make[3]: *** [Makefile:43: verify-AES.fst] Error 1
.\Encrypt_SymEnc.fst(3,28-3,33) : (Error) Identifier not found: [Platform.Bytes.bytes]
Module Platform.Bytes does not belong to the list of modules in scope, namely Prims
make[3]: *** [Makefile:43: verify-Encrypt_SymEnc.fst] Error 1
.\FStar.Tcp.fst(2,11-2,16) : (Error) Namespace FStar.Bytes cannot be found
make[2]: *** [Makefile:14: FStar.Tcp.fst-ver] Error 1
make[1]: *** [Makefile:262: ulib] Error 2
make[1]: *** Waiting for unfinished jobs....
.\Ex01a.fst(21,23-21,35) : (Error) Identifier not found: [FStar.IO.print_string]
Module FStar.IO does not belong to the list of modules in scope, namely Prims
make[3]: *** [Makefile:39: verify-Ex01a.fst] Error 1
.\EtM.Plain.fst(3,14-3,19) : (Error) Namespace Platform.Bytes cannot be found
make[3]: *** [Makefile:48: verify_hh-EtM.Plain.fst] Error 1
.\whilelanguage.fst(3,11-3,15) : (Error) Namespace FStar.Heap cannot be found
make[3]: *** [Makefile:16: ifc] Error 1
.\Ex04a.fst(14,22-14,34) : (Error) Effects PURE and ML cannot be composed
make[3]: *** [Makefile:39: verify-Ex04a.fst] Error 1
make[2]: *** [Makefile:48: ../doc/tutorial/code/exercises.uall] Error 2
.\recursive.fst(3,5-3,8) : (Error) Namespace Rel cannot be found
make[3]: *** [Makefile:22: recursive] Error 1
make[2]: *** [Makefile:48: relational/new.uall] Error 2
.\MAC.fst(23,5-23,9) : (Error) Namespace SHA1 cannot be found
make[3]: *** [Makefile:43: verify-MAC.fst] Error 1
.\Sig.fst(19,11-19,16) : (Error) Namespace FStar.Array cannot be found
make[3]: *** [Makefile:43: verify-Sig.fst] Error 1
make[2]: *** [Makefile:48: crypto.uall] Error 2
unknown(0,0-0,0) : (Error) Expected a 'let rec' to be annotated with a value type; got a computation type Tot (a:nat -> b:nat -> n:nat -> Tot nat (decreases n@0))
make[3]: *** [Makefile:42: verify-Ex05b.fst] Error 1
make[2]: *** [Makefile:48: ../doc/tutorial/code/solutions.uall] Error 2
make[2]: *** [Makefile:48: data_structures.uall] Error 2
make[1]: *** [Makefile:265: uexamples] Error 2
make: *** [Makefile:242: utest] Error 2
