make[1]: warning: jobserver unavailable: using -j1.  Add '+' to parent make rule.
make[1]: warning: jobserver unavailable: using -j1.  Add '+' to parent make rule.
make[2]: warning: -jN forced in submake: disabling jobserver mode.
Warning: you are using the standard library and/or the %inline keyword. We
recommend switching on --infer in order to avoid obscure type error messages.
warning: CRLF will be replaced by LF in src/parser/parse.fsi.
The file will have its original line endings in your working directory.
make[4]: warning: -jN forced in submake: disabling jobserver mode.
Warning: you are using the standard library and/or the %inline keyword. We
recommend switching on --infer in order to avoid obscure type error messages.
warning: CRLF will be replaced by LF in src/parser/ml/parse.mly.
The file will have its original line endings in your working directory.
warning: CRLF will be replaced by LF in src/parser/parse.fsi.
The file will have its original line endings in your working directory.
make[4]: warning: jobserver unavailable: using -j1.  Add '+' to parent make rule.
make[5]: warning: -jN forced in submake: disabling jobserver mode.
.\Ex01a.fst(64,28-67,48): (Warning) Top-level let-bindings must be total; this term may have effects
.\BinarySearchTreeBasic.fst(96,36-96,40) : (Error) Name "BinarySearchTreeBasic.uu___is_Leaf" not found
make[3]: *** [../Makefile.include:63: BinarySearchTreeBasic.uver] Error 1
make[3]: *** Waiting for unfinished jobs....
File "FStar.Map.fst", line 6, characters 2-5:
Error: Unbound constructor Mkt
make[6]: *** [Makefile:36: extracted/FStar_Map.o] Error 2
make[5]: *** [Makefile:29: all] Error 2
make[4]: *** [Makefile:47: ../../ulib/ml/fstarlib.cmxa] Error 2
make[3]: *** [Makefile:38: uall] Error 2
make[2]: *** [Makefile:48: low-level.uall] Error 2
make[2]: *** Waiting for unfinished jobs....
.\Encrypt_SymEnc.fst(24,78-29,18): (Warning) Top-level let-bindings must be total; this term may have effects
.\StlcStrongDbParSubst.fst(147,28-147,33) : (Error) Name "StlcStrongDbParSubst.uu___is_EUnit" not found
make[3]: *** [../Makefile.include:63: StlcCbvDbParSubst.uver] Error 1
make[3]: *** Waiting for unfinished jobs....
.\ifc.fst(41,23-41,26) : (Error) Name "Ifc.uu___is_Low" not found
make[3]: *** [Makefile:16: ifc] Error 1
make[3]: *** Waiting for unfinished jobs....
.\RBTree.fst(146,5-146,6) : (Error) Name "RBTree.uu___is_E" not found
make[3]: *** [../Makefile.include:63: RBTree.uver] Error 1
make[2]: *** [Makefile:48: data_structures.uall] Error 2
.\StlcStrongDbParSubst.fst(147,28-147,33) : (Error) Name "StlcStrongDbParSubst.uu___is_EUnit" not found
make[3]: *** [../Makefile.include:63: StlcStrongDbParSubst.uver] Error 1
make[2]: *** [Makefile:48: metatheory.uall] Error 2
.\bijection.fst(5,32-5,45): (Warning) Pattern misses at least one bound variable: x#708
WARNING: (4720,6): pattern does not contain all quantified variables.
.\bijection.fst(5,32-5,45): (Warning) Pattern misses at least one bound variable: x#3554
WARNING: (4713,6): pattern does not contain all quantified variables.
WARNING: (4768,6): pattern does not contain all quantified variables.
make[2]: *** [Makefile:48: relational/new.uall] Error 2
.\TestMRef.fst(7,59-8,20): (Warning) Top-level let-bindings must be total; this term may have effects
.\MAC.fst(43,17-45,35): (Warning) Top-level let-bindings must be total; this term may have effects
.\Ex12a.Cap.fst(16,70-18,26): (Warning) Top-level let-bindings must be total; this term may have effects
.\Ex12b.RPC.fst(5,13-8,53): (Warning) Top-level let-bindings must be total; this term may have effects
.\Ex12b.RPC.fst(20,27-21,39): (Warning) Top-level let-bindings must be total; this term may have effects
.\Ex12b.RPC.fst(52,35-54,16): (Warning) Top-level let-bindings must be total; this term may have effects
.\Ex12b.RPC.fst(122,14-123,17): (Warning) Top-level let-bindings must be total; this term may have effects
.\Ex10a.fst(25,16-26,19): (Warning) Top-level let-bindings must be total; this term may have effects
.\Ex10a.fst(25,16-26,19): (Warning) Top-level let-bindings must be total; this term may have effects
.\Ex12a.Cap.fst(18,70-20,26): (Warning) Top-level let-bindings must be total; this term may have effects
.\FStar.DM4F.Continuations.fst(16,2-16,3): (Error) Subtyping check failed; expected type (uu___#1001:(either uu___ uu___){(b2t (uu___is_L uu___@0))}); got type (uu___#2896:(either uu___ uu___){(b2t (uu___is_L uu___@0))})
.\FStar.DM4F.Continuations.fst(16,2-16,3): (Error) Type annotation on parameter incompatible with the expected type
.\FStar.DM4F.Continuations.fst(16,2-16,3): (Error) Type annotation on parameter incompatible with the expected type
.\FStar.DM4F.Continuations.fst(17,2-17,3): (Error) Subtyping check failed; expected type (uu___#1024:(either uu___ uu___){(b2t (uu___is_R uu___@0))}); got type (uu___#5979:(either uu___ uu___){(b2t (uu___is_R uu___@0))})
.\FStar.DM4F.Continuations.fst(17,2-17,3): (Error) Type annotation on parameter incompatible with the expected type
.\FStar.DM4F.Continuations.fst(17,2-17,3): (Error) Type annotation on parameter incompatible with the expected type
Verified module: FStar.DM4F.Continuations (16524 milliseconds)
6 errors were reported (see above)
make[3]: *** [Makefile:28: FStar.DM4F.Continuations.uver] Error 1
make[3]: *** Waiting for unfinished jobs....
make[2]: *** [Makefile:48: dm4free.uall] Error 2
.\TestMRef.fst(7,59-8,20): (Warning) Top-level let-bindings must be total; this term may have effects
.\Mac.fst(67,17-69,35): (Warning) Top-level let-bindings must be total; this term may have effects
make[4]: *** [Makefile:36: all-neg] Error 1
make[3]: *** [Makefile:20: uall] Error 2
make[2]: *** [Makefile:48: unit-tests.uall] Error 2
make[1]: *** [Makefile:264: uexamples] Error 2
make[1]: *** Waiting for unfinished jobs....
make: *** [Makefile:241: utest] Error 2
