make[1]: warning: jobserver unavailable: using -j1.  Add '+' to parent make rule.
make[1]: warning: jobserver unavailable: using -j1.  Add '+' to parent make rule.
Warning: you are using the standard library and/or the %inline keyword. We
recommend switching on --infer in order to avoid obscure type error messages.
warning: CRLF will be replaced by LF in src/parser/parse.fsi.
The file will have its original line endings in your working directory.
6 shift/reduce conflicts.
File "src/basic/ml/FStar_Util.ml", line 47, characters 57-65:
Warning 40: st_mtime was selected from type BatUnix.stats.
It is not visible in the current scope, and will not 
be selected if the type becomes unknown.
File "src/basic/ml/FStar_Util.ml", line 47, characters 57-65:
Warning 40: st_mtime was selected from type BatUnix.stats.
It is not visible in the current scope, and will not 
be selected if the type becomes unknown.
make[3]: warning: jobserver unavailable: using -j1.  Add '+' to parent make rule.
.\u_boot_fsts\FStar.Syntax.Syntax.fst(391,0-391,33): (Warning) Annotation from val declaration overrides inline type annotation
.\u_boot_fsts\FStar.Syntax.Syntax.fst(440,0-440,48): (Warning) Annotation from val declaration overrides inline type annotation
.\u_boot_fsts\FStar.Syntax.Syntax.fst(441,0-441,76): (Warning) Annotation from val declaration overrides inline type annotation
.\u_boot_fsts\FStar.Syntax.Syntax.fst(492,0-494,38): (Warning) Annotation from val declaration overrides inline type annotation
.\u_boot_fsts\FStar.TypeChecker.Env.fst(302,0-306,35): (Warning) Annotation from val declaration overrides inline type annotation
.\u_boot_fsts\FStar.TypeChecker.Util.fst(69,0-71,32): (Warning) Annotation from val declaration overrides inline type annotation
.\Ex01a.fst(57,0-57,48): (Warning) Top-level let-bindings must be total; this term may have effects
.\Ex01a.fst(67,0-67,48): (Warning) Top-level let-bindings must be total; this term may have effects
Warning: Unable to open hints file: C:\Build\Agent\_work\1\s\examples\incl\Test.fst.hints; ran without hints
Warning: Unable to open hints file: C:\Build\Agent\_work\1\s\examples\termination\CPS.Simple.fst.hints; ran without hints
Warning: Unable to open hints file: C:\Build\Agent\_work\1\s\examples\software_foundations\SfBasic.fst.hints; ran without hints
Warning: Unable to open hints file: C:\Build\Agent\_work\1\s\examples\incl\Test.fst.hints; ran without hints
Warning: Unable to open hints file: C:\Build\Agent\_work\1\s\examples\termination\CPS.Double.fst.hints; ran without hints
.\ifcExample.fst(10,0-10,15): (Warning) Top-level let-bindings must be total; this term may have effects
.\ifcExample.fst(11,0-11,15): (Warning) Top-level let-bindings must be total; this term may have effects
.\ifcExample.fst(12,0-12,15): (Warning) Top-level let-bindings must be total; this term may have effects
.\ifcExample.fst(13,0-13,17): (Warning) Top-level let-bindings must be total; this term may have effects
Warning: Unable to open hints file: C:\Build\Agent\_work\1\s\examples\incl\Test.fst.hints; ran without hints
.\Encrypt_SymEnc.fst(29,0-29,18): (Warning) Top-level let-bindings must be total; this term may have effects
Warning: Unable to open hints file: C:\Build\Agent\_work\1\s\examples\termination\CPS.DoubleLambdaLifting2.fst.hints; ran without hints
Warning: no modules in namespace FStar.SeqProperties and no file with that name either
.\Crypto.Symmetric.Bytes.fst(475,11-475,24) : (Error) Namespace FStar.SeqProperties cannot be found
Unexpected error
FStar_Errors.Error(_)
Raised by primitive operation at file "src/batString.mlv", line 145, characters 30-54
Called from file "src/batReturn.ml", line 29, characters 6-29

Warning: no modules in namespace FStar.SeqProperties and no file with that name either
.\Crypto.Symmetric.Bytes.fst(475,11-475,24) : (Error) Namespace FStar.SeqProperties cannot be found
Unexpected error
FStar_Errors.Error(_)
Raised by primitive operation at file "src/batString.mlv", line 145, characters 30-54
Called from file "src/batReturn.ml", line 29, characters 6-29

make[4]: *** [Makefile:97: Crypto.Symmetric.Bytes.fst-ver] Error 1
make[4]: *** [Makefile:97: Crypto.Symmetric.Poly1305.Bignum.Lemmas.Part2.fst-ver] Error 1
Warning: no modules in namespace FStar.SeqProperties and no file with that name either
.\Crypto.Symmetric.Bytes.fst(475,11-475,24) : (Error) Namespace FStar.SeqProperties cannot be found
Unexpected error
FStar_Errors.Error(_)
Raised by primitive operation at file "src/batString.mlv", line 145, characters 30-54
Called from file "src/batReturn.ml", line 29, characters 6-29

Warning: no modules in namespace FStar.SeqProperties and no file with that name either
.\Crypto.Symmetric.Bytes.fst(475,11-475,24) : (Error) Namespace FStar.SeqProperties cannot be found
Unexpected error
FStar_Errors.Error(_)
Raised by primitive operation at file "src/batString.mlv", line 145, characters 30-54
Called from file "src/batReturn.ml", line 29, characters 6-29

make[4]: *** [Makefile:97: Crypto.Symmetric.Poly1305.Bignum.Lemmas.Part4.fst-ver] Error 1
make[4]: *** [Makefile:97: Crypto.Symmetric.Poly1305.Bignum.Lemmas.Part5.fst-ver] Error 1
Warning: no modules in namespace FStar.SeqProperties and no file with that name either
.\Crypto.Symmetric.Bytes.fst(475,11-475,24) : (Error) Namespace FStar.SeqProperties cannot be found
Unexpected error
FStar_Errors.Error(_)
Raised by primitive operation at file "src/batString.mlv", line 145, characters 30-54
Called from file "src/batReturn.ml", line 29, characters 6-29

make[4]: *** [Makefile:97: Crypto.Symmetric.Poly1305.Bignum.Lemmas.Part3.fst-ver] Error 1
Warning: Unable to open hints file: C:\Build\Agent\_work\1\s\examples\incl\Test.fst.hints; ran without hints
Warning: no modules in namespace FStar.SeqProperties and no file with that name either
.\Crypto.Symmetric.Bytes.fst(475,11-475,24) : (Error) Namespace FStar.SeqProperties cannot be found
Unexpected error
FStar_Errors.Error(_)
Raised by primitive operation at file "src/batString.mlv", line 145, characters 30-54
Called from file "src/batReturn.ml", line 29, characters 6-29

make[4]: *** [Makefile:97: Crypto.Symmetric.Poly1305.Bignum.Lemmas.Part1.fst-ver] Error 1
Warning: Unable to open hints file: C:\Build\Agent\_work\1\s\examples\software_foundations\SfLists.fst.hints; ran without hints
Warning: Unable to open hints file: C:\Build\Agent\_work\1\s\examples\incl\Test.fst.hints; ran without hints
Warning: Unable to open hints file: C:\Build\Agent\_work\1\s\examples\termination\CPS.DoubleDefun.fst.hints; ran without hints
Warning: Unable to open hints file: C:\Build\Agent\_work\1\s\examples\incl\Test.fst.hints; ran without hints
Warning: Unable to open hints file: C:\Build\Agent\_work\1\s\examples\termination\CPS.Expr.fst.hints; ran without hints
Warning: no modules in namespace FStar.SeqProperties and no file with that name either
.\Crypto.Symmetric.Bytes.fst(475,11-475,24) : (Error) Namespace FStar.SeqProperties cannot be found
Unexpected error
FStar_Errors.Error(_)
Raised by primitive operation at file "src/batString.mlv", line 145, characters 30-54
Called from file "src/batReturn.ml", line 29, characters 6-29

make[4]: *** [Makefile:97: Crypto.Symmetric.Poly1305.Bignum.Lemmas.Part6.fst-ver] Error 1
Warning: Unable to open hints file: C:\Build\Agent\_work\1\s\examples\incl\Test.fst.hints; ran without hints
Warning: Unable to open hints file: C:\Build\Agent\_work\1\s\examples\termination\CPS.SimpleDefun.fst.hints; ran without hints
Warning: no modules in namespace FStar.SeqProperties and no file with that name either
.\Crypto.Symmetric.Bytes.fst(475,11-475,24) : (Error) Namespace FStar.SeqProperties cannot be found
Unexpected error
FStar_Errors.Error(_)
Raised by primitive operation at file "src/batString.mlv", line 145, characters 30-54
Called from file "src/batReturn.ml", line 29, characters 6-29

make[4]: *** [Makefile:97: Crypto.Symmetric.Poly1305.Spec.fst-ver] Error 1
Warning: no modules in namespace FStar.SeqProperties and no file with that name either
.\Crypto.Symmetric.Bytes.fst(475,11-475,24) : (Error) Namespace FStar.SeqProperties cannot be found
Unexpected error
FStar_Errors.Error(_)
Raised by primitive operation at file "src/batString.mlv", line 145, characters 30-54
Called from file "src/batReturn.ml", line 29, characters 6-29

make[4]: *** [Makefile:97: Crypto.Symmetric.UF1CMA.fst-ver] Error 1
Warning: no modules in namespace FStar.SeqProperties and no file with that name either
.\Crypto.Symmetric.Bytes.fst(475,11-475,24) : (Error) Namespace FStar.SeqProperties cannot be found
Unexpected error
FStar_Errors.Error(_)
Raised by primitive operation at file "src/batString.mlv", line 145, characters 30-54
Called from file "src/batReturn.ml", line 29, characters 6-29

make[4]: *** [Makefile:97: Crypto.Symmetric.Poly1305.Bignum.fst-ver] Error 1
Warning: no modules in namespace FStar.SeqProperties and no file with that name either
.\Crypto.Symmetric.Bytes.fst(475,11-475,24) : (Error) Namespace FStar.SeqProperties cannot be found
Unexpected error
FStar_Errors.Error(_)
Raised by primitive operation at file "src/batString.mlv", line 145, characters 30-54
Called from file "src/batReturn.ml", line 29, characters 6-29

Warning: no modules in namespace FStar.SeqProperties and no file with that name either
.\Crypto.Symmetric.Bytes.fst(475,11-475,24) : (Error) Namespace FStar.SeqProperties cannot be found
Unexpected error
FStar_Errors.Error(_)
Raised by primitive operation at file "src/batString.mlv", line 145, characters 30-54
Called from file "src/batReturn.ml", line 29, characters 6-29

make[4]: *** [Makefile:97: Crypto.Symmetric.GCM.fst-ver] Error 1
make[4]: *** [Makefile:97: Crypto.Symmetric.MAC.fst-ver] Error 1
Warning: no modules in namespace FStar.SeqProperties and no file with that name either
.\Crypto.Symmetric.Bytes.fst(475,11-475,24) : (Error) Namespace FStar.SeqProperties cannot be found
Unexpected error
FStar_Errors.Error(_)
Raised by primitive operation at file "src/batString.mlv", line 145, characters 30-54
Called from file "src/batReturn.ml", line 29, characters 6-29

make[4]: *** [Makefile:97: Crypto.Symmetric.GF128.fst-ver] Error 1
Error: let-open only supported for modules, not namespacesUnexpected error
FStar_Errors.Err("let-open only supported for modules, not namespaces")
Raised at file "src/batString.mlv", line 148, characters 12-21
Called from file "src/batReturn.ml", line 29, characters 6-29
Called from file "src/batString.mlv", line 335, characters 19-43

make[4]: *** [Makefile:97: Crypto.AEAD.Invariant.fst-ver] Error 1
Warning: Unable to open hints file: C:\Build\Agent\_work\1\s\examples\termination\CPS.SimpleLambdaLifting.fst.hints; ran without hints
.\MAC.fst(45,0-45,35): (Warning) Top-level let-bindings must be total; this term may have effects
Warning: Unable to open hints file: C:\Build\Agent\_work\1\s\examples\termination\Eval.DB.fst.hints; ran without hints
WARNING: (64421,6): pattern does not contain all quantified variables.
Warning: Unable to open hints file: C:\Build\Agent\_work\1\s\examples\termination\termination.fst.hints; ran without hints
Warning: no modules in namespace FStar.SeqProperties and no file with that name either
.\Crypto.Symmetric.Bytes.fst(475,11-475,24) : (Error) Namespace FStar.SeqProperties cannot be found
Unexpected error
FStar_Errors.Error(_)
Raised by primitive operation at file "src/batString.mlv", line 145, characters 30-54
Called from file "src/batReturn.ml", line 29, characters 6-29

make[4]: *** [Makefile:97: Crypto.Symmetric.Cipher.fst-ver] Error 1
Warning: no modules in namespace FStar.SeqProperties and no file with that name either
.\Crypto.Symmetric.Bytes.fst(475,11-475,24) : (Error) Namespace FStar.SeqProperties cannot be found
Unexpected error
FStar_Errors.Error(_)
Raised by primitive operation at file "src/batString.mlv", line 145, characters 30-54
Called from file "src/batReturn.ml", line 29, characters 6-29

make[4]: *** [Makefile:97: Crypto.Symmetric.PRF.fst-ver] Error 1
Warning: no modules in namespace FStar.SeqProperties and no file with that name either
.\Crypto.Symmetric.Bytes.fst(475,11-475,24) : (Error) Namespace FStar.SeqProperties cannot be found
Unexpected error
FStar_Errors.Error(_)
Raised by primitive operation at file "src/batString.mlv", line 145, characters 30-54
Called from file "src/batReturn.ml", line 29, characters 6-29

Error: let-open only supported for modules, not namespacesUnexpected error
FStar_Errors.Err("let-open only supported for modules, not namespaces")
Raised at file "src/batString.mlv", line 148, characters 12-21
Called from file "src/batReturn.ml", line 29, characters 6-29
Called from file "src/batString.mlv", line 335, characters 19-43

make[4]: *** [Makefile:97: Crypto.AEAD.Encrypt.Invariant.fst-ver] Error 1
make[4]: *** [Makefile:97: Crypto.AEAD.Encoding.fst-ver] Error 1
Error: module not found in search path: fstar.seqproperties
Unexpected error
FStar_Errors.Err("module not found in search path: fstar.seqproperties\n")
Raised at file "src/batString.mlv", line 148, characters 12-21
Called from file "src/batReturn.ml", line 29, characters 6-29
Called from file "src/batString.mlv", line 335, characters 19-43

make[4]: *** [Makefile:97: Crypto.AEAD.EnxorDexor.fst-ver] Error 1
Error: let-open only supported for modules, not namespacesUnexpected error
FStar_Errors.Err("let-open only supported for modules, not namespaces")
Raised at file "src/batString.mlv", line 148, characters 12-21
Called from file "src/batReturn.ml", line 29, characters 6-29
Called from file "src/batString.mlv", line 335, characters 19-43

make[4]: *** [Makefile:97: Crypto.AEAD.Enxor.Invariant.fst-ver] Error 1
Error: module not found in search path: fstar.seqproperties
Unexpected error
FStar_Errors.Err("module not found in search path: fstar.seqproperties\n")
Raised at file "src/batString.mlv", line 148, characters 12-21
Called from file "src/batReturn.ml", line 29, characters 6-29
Called from file "src/batString.mlv", line 335, characters 19-43

make[4]: *** [Makefile:97: Crypto.AEAD.Wrappers.CMA.fst-ver] Error 1
Warning: no modules in namespace FStar.SeqProperties and no file with that name either
.\Crypto.Symmetric.Bytes.fst(475,11-475,24) : (Error) Namespace FStar.SeqProperties cannot be found
Unexpected error
FStar_Errors.Error(_)
Raised by primitive operation at file "src/batString.mlv", line 145, characters 30-54
Called from file "src/batReturn.ml", line 29, characters 6-29

make[4]: *** [Makefile:97: Crypto.AEAD.AES256GCM.fst-ver] Error 1
Error: let-open only supported for modules, not namespacesUnexpected error
FStar_Errors.Err("let-open only supported for modules, not namespaces")
Raised at file "src/batString.mlv", line 148, characters 12-21
Called from file "src/batReturn.ml", line 29, characters 6-29
Called from file "src/batString.mlv", line 335, characters 19-43

make[4]: *** [Makefile:97: Crypto.AEAD.Wrappers.Encoding.fst-ver] Error 1
Warning: no modules in namespace FStar.SeqProperties and no file with that name either
Error: let-open only supported for modules, not namespacesUnexpected error
FStar_Errors.Err("let-open only supported for modules, not namespaces")
Raised at file "src/batString.mlv", line 148, characters 12-21
Called from file "src/batReturn.ml", line 29, characters 6-29
Called from file "src/batString.mlv", line 335, characters 19-43

make[4]: *** [Makefile:97: Crypto.AEAD.Wrappers.PRF.fst-ver] Error 1
Error: let-open only supported for modules, not namespacesUnexpected error
FStar_Errors.Err("let-open only supported for modules, not namespaces")
Raised at file "src/batString.mlv", line 148, characters 12-21
Called from file "src/batReturn.ml", line 29, characters 6-29
Called from file "src/batString.mlv", line 335, characters 19-43

make[4]: *** [Makefile:97: Crypto.AEAD.MAC_Wrapper.Invariant.fst-ver] Error 1
Error: module not found in search path: fstar.seqproperties
Unexpected error
FStar_Errors.Err("module not found in search path: fstar.seqproperties\n")
Raised at file "src/batString.mlv", line 148, characters 12-21
Called from file "src/batReturn.ml", line 29, characters 6-29
Called from file "src/batString.mlv", line 335, characters 19-43

make[4]: *** [Makefile:97: Crypto.AEAD.Encrypt.fst-ver] Error 1
Warning: no modules in namespace FStar.SeqProperties and no file with that name either
Error: let-open only supported for modules, not namespacesUnexpected error
FStar_Errors.Err("let-open only supported for modules, not namespaces")
Raised at file "src/batString.mlv", line 148, characters 12-21
Called from file "src/batReturn.ml", line 29, characters 6-29
Called from file "src/batString.mlv", line 335, characters 19-43

make[4]: *** [Makefile:97: Crypto.AEAD.Decrypt.fst-ver] Error 1
Warning: no modules in namespace FStar.SeqProperties and no file with that name either
Error: let-open only supported for modules, not namespacesUnexpected error
FStar_Errors.Err("let-open only supported for modules, not namespaces")
Raised at file "src/batString.mlv", line 148, characters 12-21
Called from file "src/batReturn.ml", line 29, characters 6-29
Called from file "src/batString.mlv", line 335, characters 19-43

make[4]: *** [Makefile:97: Crypto.AEAD.Encrypt.Ideal.Invariant.fst-ver] Error 1
Warning: no modules in namespace FStar.SeqProperties and no file with that name either
Error: let-open only supported for modules, not namespacesUnexpected error
FStar_Errors.Err("let-open only supported for modules, not namespaces")
Raised at file "src/batString.mlv", line 148, characters 12-21
Called from file "src/batReturn.ml", line 29, characters 6-29
Called from file "src/batString.mlv", line 335, characters 19-43

make[4]: *** [Makefile:97: Crypto.AEAD.fst-ver] Error 1
Warning: Unable to open hints file: C:\Build\Agent\_work\1\s\examples\software_foundations\SfPoly.fst.hints; ran without hints
Warning: no modules in namespace FStar.SeqProperties and no file with that name either
.\Crypto.Symmetric.Bytes.fst(475,11-475,24) : (Error) Namespace FStar.SeqProperties cannot be found
Unexpected error
FStar_Errors.Error(_)
Raised by primitive operation at file "src/batString.mlv", line 145, characters 30-54
Called from file "src/batReturn.ml", line 29, characters 6-29

make[4]: *** [Makefile:97: Crypto.Plain.fst-ver] Error 1
.\TestMRef.fst(8,0-8,20): (Warning) Top-level let-bindings must be total; this term may have effects
.\Ex10a.fst(26,0-26,19): (Warning) Top-level let-bindings must be total; this term may have effects
.\Mac.fst(69,0-69,35): (Warning) Top-level let-bindings must be total; this term may have effects
.\Ex12a.Cap.fst(20,0-20,26): (Warning) Top-level let-bindings must be total; this term may have effects
.\Ex10a.fst(26,0-26,19): (Warning) Top-level let-bindings must be total; this term may have effects
.\MAC.fst(45,0-45,35): (Warning) Top-level let-bindings must be total; this term may have effects
make[5]: warning: jobserver unavailable: using -j1.  Add '+' to parent make rule.
.\Ex12a.Cap.fst(18,0-18,26): (Warning) Top-level let-bindings must be total; this term may have effects
.\MAC.fst(45,0-45,35): (Warning) Top-level let-bindings must be total; this term may have effects
make[5]: warning: jobserver unavailable: using -j1.  Add '+' to parent make rule.
.\RPC.fst(9,0-9,53): (Warning) Top-level let-bindings must be total; this term may have effects
.\RPC.fst(23,0-23,39): (Warning) Top-level let-bindings must be total; this term may have effects
.\Ex12b.RPC.fst(8,0-8,53): (Warning) Top-level let-bindings must be total; this term may have effects
.\Ex12b.RPC.fst(21,0-21,39): (Warning) Top-level let-bindings must be total; this term may have effects
.\Ex12b.RPC.fst(53,0-54,16): (Warning) Top-level let-bindings must be total; this term may have effects
.\CntProtocol.fst(14,0-14,53): (Warning) Top-level let-bindings must be total; this term may have effects
.\RPC.fst(48,0-49,16): (Warning) Top-level let-bindings must be total; this term may have effects
.\Ex01a.fst(67,0-67,48): (Warning) Top-level let-bindings must be total; this term may have effects
File "Ex01a.fst", line 36, characters 4-6:
Warning 26: unused variable v1.
File "Ex01a.fst", line 37, characters 4-6:
Warning 26: unused variable v2.
File "Ex01a.fst", line 60, characters 4-6:
Warning 26: unused variable v1.
File "Ex01a.fst", line 61, characters 4-6:
Warning 26: unused variable v2.
File "Ex01a.fst", line 62, characters 4-6:
Warning 26: unused variable v3.
.\CntProtocol.fst(29,0-29,26): (Warning) Top-level let-bindings must be total; this term may have effects
.\CntProtocol.fst(32,0-32,54): (Warning) Top-level let-bindings must be total; this term may have effects
.\CntProtocol.fst(35,0-35,54): (Warning) Top-level let-bindings must be total; this term may have effects
Fatal error: exception Ex01a.InvalidRead
Raised at file "prims.ml", line 103, characters 20-21
Called from file "Ex01a.fst", line 62, characters 9-29
Called from file "Ex01a.fst", line 68, characters 0-21
make[3]: [Makefile:63: Ex01a-ocaml] Error 2 (ignored)
make[5]: warning: jobserver unavailable: using -j1.  Add '+' to parent make rule.
.\Ex12b.RPC.fst(123,0-123,17): (Warning) Top-level let-bindings must be total; this term may have effects
.\RPC.fst(116,0-116,17): (Warning) Top-level let-bindings must be total; this term may have effects
make[5]: warning: jobserver unavailable: using -j1.  Add '+' to parent make rule.
.\CntProtocol.fst(99,0-99,39): (Warning) Top-level let-bindings must be total; this term may have effects
.\Ex01a.fst(57,0-57,48): (Warning) Top-level let-bindings must be total; this term may have effects
Warning: Unable to open hints file: C:\Build\Agent\_work\1\s\ulib\FStar.Seq.Base.fst.hints; ran without hints
make[3]: [Makefile:66: Ex01a-ocaml] Error 2 (ignored)
.\CntProtocol.fst(126,0-126,18): (Warning) Top-level let-bindings must be total; this term may have effects
.\CntProtocol.fst(158,0-174,5): (Warning) Top-level let-bindings must be total; this term may have effects
Warning: Unable to open hints file: C:\Build\Agent\_work\1\s\ulib\FStar.Seq.Properties.fst.hints; ran without hints
.\FStar.UInt.fst(235,0-245,5): (Error) Unknown assertion failed
Verified module: FStar.UInt (109105 milliseconds)
1 error was reported (see above)
make[2]: *** [Makefile:29: FStar.UInt.fst-ver] Error 1
make[4]: Target 'all' not remade because of errors.
make[3]: *** [Makefile:35: all] Error 2
make[2]: *** [Makefile:42: low-level.all] Error 2
make[2]: Target 'all' not remade because of errors.
make[1]: *** [Makefile:271: uexamples] Error 2
.\FStar.Buffer.Quantifiers.fst(75,0-90,46): (Error) Unknown assertion failed
Verified module: FStar.Map (3736 milliseconds)
Verified module: FStar.HyperStack (19334 milliseconds)
Verified module: FStar.ST (13002 milliseconds)
Verified module: FStar.Buffer (278271 milliseconds)
Verified module: FStar.Buffer.Quantifiers (23771 milliseconds)
1 error was reported (see above)
make[2]: *** [Makefile:64: bufferq] Error 1
make[2]: Target 'all' not remade because of errors.
make[1]: *** [Makefile:268: ulib] Error 2
make[1]: Target 'uregressions' not remade because of errors.
make: *** [Makefile:256: utest] Error 2
