make[1]: warning: jobserver unavailable: using -j1.  Add '+' to parent make rule.
make[1]: warning: jobserver unavailable: using -j1.  Add '+' to parent make rule.
make[2]: warning: -jN forced in submake: disabling jobserver mode.
warning: CRLF will be replaced by LF in src/parser/parse.fsi.
The file will have its original line endings in your working directory.
make[4]: warning: -jN forced in submake: disabling jobserver mode.
warning: CRLF will be replaced by LF in src/parser/parse.fsi.
The file will have its original line endings in your working directory.
make[4]: warning: jobserver unavailable: using -j1.  Add '+' to parent make rule.
make[5]: warning: -jN forced in submake: disabling jobserver mode.
.\ImmutableST.fst(49,11-49,17) : (Error) Unexpected signature for monad "ImmutableST.ISTATE". Expected a signature of the form (a:Type => WP a => Effect); got (a:Type -> Tot Effect)
make[3]: *** [../Makefile.include:63: ImmutableST.uver] Error 1
make[2]: *** [Makefile:48: preorders.uall] Error 2
make[2]: *** Waiting for unfinished jobs....
.\AES.fst(29,11-29,45) : (Error) Expected a term of type "Type"; got a function "(fun h0 uu___ h -> (modifies_none h0@2 h@0))" (More arguments than annotated type (Type))
make[3]: *** [Makefile:43: verify-Encrypt_SymEnc.fst] Error 1
make[3]: *** Waiting for unfinished jobs....
.\AES.fst(29,11-29,45) : (Error) Expected a term of type "Type"; got a function "(fun h0 uu___ h -> (modifies_none h0@2 h@0))" (More arguments than annotated type (Type))
make[3]: *** [Makefile:43: verify-Encrypt_Sample.fst] Error 1
.\whilelanguage.fst(95,12-95,63) : (Error) Expected a term of type "Type"; got a function "(fun h r h' -> (l_and (equal h@2 h'@0) (op_Equality r@1 (interpret_exp h@2 e))))" (More arguments than annotated type (Type))
make[3]: *** [Makefile:16: ifc] Error 1
make[2]: *** [Makefile:48: relational/new.uall] Error 2
.\Ex01a.fst(64,28-67,48): (Warning) Top-level let-bindings must be total; this term may have effects
C:\Build\Agent2\_work\1\s\examples\low-level\crypto\Buffer.Utils.fst(34,12-35,32) : (Error) Expected a term of type "Type"; got a function "(fun h0 uu___ h1 -> (l_and (l_and (l_and (l_and (live h0@2 output) (live h0@2 in1)) (live h1@0 output)) (live h1@0 in1)) (modifies_1 output h0@2 h1@0)))" (More arguments than annotated type (Type))
make[4]: *** [Makefile:58: chacha-extract] Error 1
make[4]: *** Waiting for unfinished jobs....
C:\Build\Agent2\_work\1\s\examples\low-level\crypto\Buffer.Utils.fst(34,12-35,32) : (Error) Expected a term of type "Type"; got a function "(fun h0 uu___ h1 -> (l_and (l_and (l_and (l_and (live h0@2 output) (live h0@2 in1)) (live h1@0 output)) (live h1@0 in1)) (modifies_1 output h0@2 h1@0)))" (More arguments than annotated type (Type))
make[4]: *** [Makefile:70: poly-extract] Error 1
.\AES.fst(29,11-29,45) : (Error) Expected a term of type "Type"; got a function "(fun h0 uu___ h -> (modifies_none h0@2 h@0))" (More arguments than annotated type (Type))
make[3]: *** [Makefile:43: verify-AES.fst] Error 1
make[2]: *** [Makefile:48: crypto.uall] Error 2
.\TestMRef.fst(7,59-8,20): (Warning) Top-level let-bindings must be total; this term may have effects
.\TestMRef.fst(14,39-14,75) : (Error) Expected a term of type "Type"; got a function "(fun h0 x h1 -> (modifies (union (singleton (Ref y)) empty) h0@2 h1@0))" (More arguments than annotated type (Type))
make[3]: *** [../Makefile.include:63: TestMRef.uver] Error 1
make[3]: *** Waiting for unfinished jobs....
C:\Build\Agent2\_work\1\s\examples\low-level\crypto\Buffer.Utils.fst(34,12-35,32) : (Error) Expected a term of type "Type"; got a function "(fun h0 uu___ h1 -> (l_and (l_and (l_and (l_and (live h0@2 output) (live h0@2 in1)) (live h1@0 output)) (live h1@0 in1)) (modifies_1 output h0@2 h1@0)))" (More arguments than annotated type (Type))
make[4]: *** [Makefile:96: aead-extract] Error 1
.\TestTwoLevelHeap.fst(6,11-7,52) : (Error) Expected a term of type "Type"; got a function "(fun m0 k m1 -> (l_and (op_Equality k@1 (op_Addition i (sel m0@2 v))) (modifies empty m0@2 m1@0)))" (More arguments than annotated type (Type))
make[3]: *** [../Makefile.include:63: TestTwoLevelHeap.uver] Error 1
make[2]: *** [Makefile:48: unit-tests.uall] Error 2
.\crypto\Crypto.Symmetric.AES.fst(70,12-70,62) : (Error) Expected a term of type "Type"; got a function "(fun h0 uu___ h1 -> (l_and (live h1@0 sb) (modifies_1 sb h0@2 h1@0)))" (More arguments than annotated type (Type))
make[4]: *** [Makefile:142: aes-extract] Error 1
make[3]: *** [Makefile:38: uall] Error 2
make[2]: *** [Makefile:48: low-level.uall] Error 2
.\StackMachine.fst(198,19-198,71): (Error) could not prove post-condition
Verified module: StackMachine (32528 milliseconds)
1 error was reported (see above)
make[3]: *** [../Makefile.include:63: StackMachine.uver] Error 1
make[3]: *** Waiting for unfinished jobs....
.\GC.fst(85,11-85,19) : (Error) Unexpected signature for monad "GC.GC_STATE". Expected a signature of the form (a:Type => WP a => Effect); got (a:Type -> Tot Effect)
make[3]: *** [../Makefile.include:63: GC.uver] Error 1
make[3]: *** Waiting for unfinished jobs....
.\QuickSort.Array.fst(64,11-64,120) : (Error) Expected a term of type "Type"; got a function "(fun h0 n h1 -> (l_and (partition_post a f start len pivot back x h0@2 n@1 h1@0) (modifies (singleton (Ref x)) h0@2 h1@0)))" (More arguments than annotated type (Type))
make[3]: *** [../Makefile.include:63: QuickSort.Array.uver] Error 1
make[2]: *** [Makefile:48: algorithms.uall] Error 2
Warning: Unable to open hints file: C:\Build\Agent2\_work\1\s\ulib\FStar.MarkovsPrinciple.fst.hints; ran without hints
Warning: Unable to open hints file: C:\Build\Agent2\_work\1\s\ulib\FStar.IndefiniteDescription.fst.hints; ran without hints
Warning: Unable to open hints file: C:\Build\Agent2\_work\1\s\examples\dm4free\FStar.DM4F.Continuations.fst.hints; ran without hints
.\Ex10a.fst(25,16-26,19): (Warning) Top-level let-bindings must be total; this term may have effects
.\Ex10a.fst(53,46-53,80) : (Error) Expected a term of type "Type"; got a function "(fun h s h' -> (modifies_none h@2 h'@0))" (More arguments than annotated type (Type))
make[3]: *** [Makefile:39: verify-Ex10a.fst] Error 1
make[3]: *** Waiting for unfinished jobs....
C:\Build\Agent2\_work\1\s\ucontrib\CoreCrypto\fst\CoreCrypto.fst(7,11-7,45) : (Error) Expected a term of type "Type"; got a function "(fun h0 uu___ h -> (modifies_none h0@2 h@0))" (More arguments than annotated type (Type))
make[3]: *** [Makefile:42: verify-Ex12a.Cap.fst] Error 1
make[3]: *** Waiting for unfinished jobs....
make[2]: *** [Makefile:48: ../doc/tutorial/code/exercises.uall] Error 2
.\Ex10a.fst(25,16-26,19): (Warning) Top-level let-bindings must be total; this term may have effects
.\Ex10a.fst(38,40-38,84) : (Error) Expected a term of type "Type"; got a function "(fun h x h' -> (eq2 (sel h'@0 acls) (Cons e (sel h@2 acls))))" (More arguments than annotated type (Type))
make[3]: *** [Makefile:42: verify-Ex10a.fst] Error 1
.\Ex10b.fst(14,11-20,48) : (Error) Expected a term of type "Type"; got a function "(fun h0 p h1 -> (l_and (l_and (l_and (l_and (l_and (modifies empty h0@2 h1@0) (fresh (op_Hat_Plus_Hat (x p@1) (y p@1)) h0@2 h1@0)) (op_Equality (sel h1@0 (x p@1)) x)) (op_Equality (sel h1@0 (y p@1)) y)) (contains h1@0 (x p@1))) (contains h1@0 (y p@1))))" (More arguments than annotated type (Type))
make[3]: *** [Makefile:42: verify-Ex10b.fst] Error 1
make[2]: *** [Makefile:48: metatheory.uall] Error 2
Warning: Unable to open hints file: C:\Build\Agent2\_work\1\s\ulib\FStar.StrongExcludedMiddle.fst.hints; ran without hints
C:\Build\Agent2\_work\1\s\ucontrib\CoreCrypto\fst\CoreCrypto.fst(7,11-7,45) : (Error) Expected a term of type "Type"; got a function "(fun h0 uu___ h -> (modifies_none h0@2 h@0))" (More arguments than annotated type (Type))
make[3]: *** [Makefile:42: verify-Ex12b.RPC.fst] Error 1
make[2]: *** [Makefile:48: ../doc/tutorial/code/solutions.uall] Error 2
make[1]: *** [Makefile:264: uexamples] Error 2
make[1]: *** Waiting for unfinished jobs....
.\FStar.SeqProperties.fst(207,65-213,81): (Error) Unknown assertion failed
Verified module: FStar.SeqProperties (42639 milliseconds)
1 error was reported (see above)
make[2]: *** [Makefile:14: FStar.SeqProperties.fst-ver] Error 1
make[2]: *** Waiting for unfinished jobs....
make[1]: *** [Makefile:261: ulib] Error 2
make: *** [Makefile:241: utest] Error 2
