File not found - *.exe
make[2]: *** [Makefile:24: install-packages] Error 2
make[1]: *** [Makefile:51: all] Error 2
make: *** [Makefile:237: utest] Error 2
