Warning: you are using the standard library and/or the %inline keyword. We
recommend switching on --infer in order to avoid obscure type error messages.
6 shift/reduce conflicts.
File "src/basic/ml/FStar_Util.ml", line 47, characters 57-65:
Warning 40: st_mtime was selected from type BatUnix.stats.
It is not visible in the current scope, and will not 
be selected if the type becomes unknown.
File "src/basic/ml/FStar_Util.ml", line 47, characters 57-65:
Warning 40: st_mtime was selected from type BatUnix.stats.
It is not visible in the current scope, and will not 
be selected if the type becomes unknown.
.\Crypto.Symmetric.UF1CMA.fst(536,62-574,3): (Error) Unknown assertion failed
Verified module: Crypto.Symmetric.UF1CMA (420521 milliseconds)
1 error was reported (see above)
make[1]: *** [Makefile:69: Crypto.Symmetric.UF1CMA.fst-ver] Error 1
make[1]: *** Waiting for unfinished jobs....
.\Crypto.AEAD.PRF_MAC.fst(297,2-297,39): (Error) assertion failed (see .\Crypto.AEAD.PRF_MAC.fst(122,12-122,57))
.\Crypto.AEAD.PRF_MAC.fst(368,2-368,19): (Error) assertion failed (see .\Crypto.AEAD.PRF_MAC.fst(267,13-267,58))
Verified module: Crypto.AEAD.PRF_MAC (1008940 milliseconds)
2 errors were reported (see above)
make[1]: *** [Makefile:69: Crypto.AEAD.PRF_MAC.fst-ver] Error 1
make: *** [Makefile:246: utest] Error 2
