Warning: you are using the standard library and/or the %inline keyword. We
recommend switching on --infer in order to avoid obscure type error messages.
6 shift/reduce conflicts.
File "src/basic/ml/FStar_Util.ml", line 47, characters 57-65:
Warning 40: st_mtime was selected from type BatUnix.stats.
It is not visible in the current scope, and will not 
be selected if the type becomes unknown.
File "src/basic/ml/FStar_Util.ml", line 47, characters 57-65:
Warning 40: st_mtime was selected from type BatUnix.stats.
It is not visible in the current scope, and will not 
be selected if the type becomes unknown.
.\Crypto.Symmetric.Poly1305.Lemmas.fst(771,58-787,58): (Error) Unknown assertion failed
.\Crypto.Symmetric.Poly1305.Lemmas.fst(1166,103-1187,39): (Error) Unknown assertion failed
Verified module: Crypto.Symmetric.Poly1305.Lemmas (420500 milliseconds)
2 errors were reported (see above)
make[1]: *** [Makefile:97: Crypto.Symmetric.Poly1305.Lemmas.fst-ver] Error 1
.\Crypto.Test.fst(593,14-612,104): (Warning) Top-level let-bindings must be total; this term may have effects
make[1]: Target 'all' not remade because of errors.
make: *** [Makefile:246: utest] Error 2
