make[1]: warning: jobserver unavailable: using -j1.  Add '+' to parent make rule.
make[1]: warning: jobserver unavailable: using -j1.  Add '+' to parent make rule.
Warning: you are using the standard library and/or the %inline keyword. We
recommend switching on --infer in order to avoid obscure type error messages.
warning: CRLF will be replaced by LF in src/parser/parse.fsi.
The file will have its original line endings in your working directory.
6 shift/reduce conflicts.
File "src/basic/ml/FStar_Util.ml", line 47, characters 57-65:
Warning 40: st_mtime was selected from type BatUnix.stats.
It is not visible in the current scope, and will not 
be selected if the type becomes unknown.
File "src/basic/ml/FStar_Util.ml", line 47, characters 57-65:
Warning 40: st_mtime was selected from type BatUnix.stats.
It is not visible in the current scope, and will not 
be selected if the type becomes unknown.
.\Ex01a.fst(67,3-67,3): (Warning) Top-level let-bindings must be total; this term may have effects
.\ifcExample.fst(10,3-10,3): (Warning) Top-level let-bindings must be total; this term may have effects
.\ifcExample.fst(11,3-11,3): (Warning) Top-level let-bindings must be total; this term may have effects
.\ifcExample.fst(12,3-12,3): (Warning) Top-level let-bindings must be total; this term may have effects
.\ifcExample.fst(13,3-13,3): (Warning) Top-level let-bindings must be total; this term may have effects
.\Encrypt_SymEnc.fst(29,3-29,3): (Warning) Top-level let-bindings must be total; this term may have effects
.\MAC.fst(45,3-45,3): (Warning) Top-level let-bindings must be total; this term may have effects
.\Crypto.Symmetric.GCM.fst(75,2-75,8) : (Error) Identifier not found: [finish]
Unexpected error
FStar_Syntax_Syntax.Error(_)
Raised by primitive operation at file "src/batString.mlv", line 145, characters 30-54
Called from file "src/batReturn.ml", line 29, characters 6-29

make[4]: *** [Makefile:96: Crypto.Symmetric.GCM.fst-ver] Error 1
.\TestMRef.fst(8,3-8,3): (Warning) Top-level let-bindings must be total; this term may have effects
.\Crypto.Symmetric.MAC.fst(382,7-382,13) : (Error) Identifier not found: [GF.finish]
Module GF resolved into Crypto.Symmetric.GF128, definition finish not found
Unexpected error
FStar_Syntax_Syntax.Error(_)
Raised by primitive operation at file "src/batString.mlv", line 145, characters 30-54
Called from file "src/batReturn.ml", line 29, characters 6-29

.\Crypto.Symmetric.MAC.fst(382,7-382,13) : (Error) Identifier not found: [GF.finish]
Module GF resolved into Crypto.Symmetric.GF128, definition finish not found
Unexpected error
FStar_Syntax_Syntax.Error(_)
Raised by primitive operation at file "src/batString.mlv", line 145, characters 30-54
Called from file "src/batReturn.ml", line 29, characters 6-29

make[4]: *** [Makefile:96: Crypto.Symmetric.UF1CMA.fst-ver] Error 1
make[4]: *** [Makefile:96: Crypto.Symmetric.MAC.fst-ver] Error 1
.\Ex10a.fst(26,3-26,3): (Warning) Top-level let-bindings must be total; this term may have effects
.\Ex12a.Cap.fst(18,3-18,3): (Warning) Top-level let-bindings must be total; this term may have effects
.\Crypto.Symmetric.GCM.fst(75,2-75,8) : (Error) Identifier not found: [finish]
Unexpected error
FStar_Syntax_Syntax.Error(_)
Raised by primitive operation at file "src/batString.mlv", line 145, characters 30-54
Called from file "src/batReturn.ml", line 29, characters 6-29

.\Ex12b.RPC.fst(8,3-8,3): (Warning) Top-level let-bindings must be total; this term may have effects
make[4]: *** [Makefile:96: Crypto.AEAD.AES256GCM.fst-ver] Error 1
.\Ex12b.RPC.fst(21,3-21,3): (Warning) Top-level let-bindings must be total; this term may have effects
.\Ex12b.RPC.fst(53,3-53,3): (Warning) Top-level let-bindings must be total; this term may have effects
.\Ex12b.RPC.fst(123,3-123,3): (Warning) Top-level let-bindings must be total; this term may have effects
.\Crypto.Symmetric.MAC.fst(382,7-382,13) : (Error) Identifier not found: [GF.finish]
Module GF resolved into Crypto.Symmetric.GF128, definition finish not found
Unexpected error
FStar_Syntax_Syntax.Error(_)
Raised by primitive operation at file "src/batString.mlv", line 145, characters 30-54
Called from file "src/batReturn.ml", line 29, characters 6-29

make[4]: *** [Makefile:96: Crypto.Symmetric.PRF.fst-ver] Error 1
.\Crypto.Symmetric.MAC.fst(382,7-382,13) : (Error) Identifier not found: [GF.finish]
Module GF resolved into Crypto.Symmetric.GF128, definition finish not found
Unexpected error
FStar_Syntax_Syntax.Error(_)
Raised by primitive operation at file "src/batString.mlv", line 145, characters 30-54
Called from file "src/batReturn.ml", line 29, characters 6-29

make[4]: *** [Makefile:96: Crypto.AEAD.Invariant.fst-ver] Error 1
.\TestMRef.fst(8,3-8,3): (Warning) Top-level let-bindings must be total; this term may have effects
.\Crypto.Symmetric.MAC.fst(382,7-382,13) : (Error) Identifier not found: [GF.finish]
Module GF resolved into Crypto.Symmetric.GF128, definition finish not found
Unexpected error
FStar_Syntax_Syntax.Error(_)
Raised by primitive operation at file "src/batString.mlv", line 145, characters 30-54
Called from file "src/batReturn.ml", line 29, characters 6-29

make[4]: *** [Makefile:96: Crypto.AEAD.Enxor.Invariant.fst-ver] Error 1
.\Ex10a.fst(26,3-26,3): (Warning) Top-level let-bindings must be total; this term may have effects
.\Mac.fst(69,3-69,3): (Warning) Top-level let-bindings must be total; this term may have effects
.\Ex12a.Cap.fst(20,3-20,3): (Warning) Top-level let-bindings must be total; this term may have effects
.\Crypto.Symmetric.MAC.fst(382,7-382,13) : (Error) Identifier not found: [GF.finish]
Module GF resolved into Crypto.Symmetric.GF128, definition finish not found
Unexpected error
FStar_Syntax_Syntax.Error(_)
Raised by primitive operation at file "src/batString.mlv", line 145, characters 30-54
Called from file "src/batReturn.ml", line 29, characters 6-29

make[4]: *** [Makefile:96: Crypto.AEAD.EnxorDexor.fst-ver] Error 1
.\Crypto.Symmetric.MAC.fst(382,7-382,13) : (Error) Identifier not found: [GF.finish]
Module GF resolved into Crypto.Symmetric.GF128, definition finish not found
Unexpected error
FStar_Syntax_Syntax.Error(_)
Raised by primitive operation at file "src/batString.mlv", line 145, characters 30-54
Called from file "src/batReturn.ml", line 29, characters 6-29

make[4]: *** [Makefile:96: Crypto.AEAD.Encoding.fst-ver] Error 1
.\Crypto.Symmetric.MAC.fst(382,7-382,13) : (Error) Identifier not found: [GF.finish]
Module GF resolved into Crypto.Symmetric.GF128, definition finish not found
Unexpected error
FStar_Syntax_Syntax.Error(_)
Raised by primitive operation at file "src/batString.mlv", line 145, characters 30-54
Called from file "src/batReturn.ml", line 29, characters 6-29

make[4]: *** [Makefile:96: Crypto.AEAD.Wrappers.PRF.fst-ver] Error 1
.\Crypto.Symmetric.MAC.fst(382,7-382,13) : (Error) Identifier not found: [GF.finish]
Module GF resolved into Crypto.Symmetric.GF128, definition finish not found
Unexpected error
FStar_Syntax_Syntax.Error(_)
Raised by primitive operation at file "src/batString.mlv", line 145, characters 30-54
Called from file "src/batReturn.ml", line 29, characters 6-29

make[4]: *** [Makefile:96: Crypto.AEAD.Wrappers.CMA.fst-ver] Error 1
.\Crypto.Symmetric.MAC.fst(382,7-382,13) : (Error) Identifier not found: [GF.finish]
Module GF resolved into Crypto.Symmetric.GF128, definition finish not found
Unexpected error
FStar_Syntax_Syntax.Error(_)
Raised by primitive operation at file "src/batString.mlv", line 145, characters 30-54
Called from file "src/batReturn.ml", line 29, characters 6-29

make[4]: *** [Makefile:96: Crypto.AEAD.Wrappers.Encoding.fst-ver] Error 1
.\Crypto.Symmetric.MAC.fst(382,7-382,13) : (Error) Identifier not found: [GF.finish]
Module GF resolved into Crypto.Symmetric.GF128, definition finish not found
Unexpected error
FStar_Syntax_Syntax.Error(_)
Raised by primitive operation at file "src/batString.mlv", line 145, characters 30-54
Called from file "src/batReturn.ml", line 29, characters 6-29

make[4]: *** [Makefile:96: Crypto.AEAD.Decrypt.fst-ver] Error 1
.\Crypto.Symmetric.MAC.fst(382,7-382,13) : (Error) Identifier not found: [GF.finish]
Module GF resolved into Crypto.Symmetric.GF128, definition finish not found
Unexpected error
FStar_Syntax_Syntax.Error(_)
Raised by primitive operation at file "src/batString.mlv", line 145, characters 30-54
Called from file "src/batReturn.ml", line 29, characters 6-29

make[4]: *** [Makefile:96: Crypto.AEAD.Encrypt.Invariant.fst-ver] Error 1
.\Crypto.Symmetric.MAC.fst(382,7-382,13) : (Error) Identifier not found: [GF.finish]
Module GF resolved into Crypto.Symmetric.GF128, definition finish not found
Unexpected error
FStar_Syntax_Syntax.Error(_)
Raised by primitive operation at file "src/batString.mlv", line 145, characters 30-54
Called from file "src/batReturn.ml", line 29, characters 6-29

make[4]: *** [Makefile:96: Crypto.AEAD.Encrypt.fst-ver] Error 1
.\Crypto.Symmetric.MAC.fst(382,7-382,13) : (Error) Identifier not found: [GF.finish]
Module GF resolved into Crypto.Symmetric.GF128, definition finish not found
Unexpected error
FStar_Syntax_Syntax.Error(_)
Raised by primitive operation at file "src/batString.mlv", line 145, characters 30-54
Called from file "src/batReturn.ml", line 29, characters 6-29

make[4]: *** [Makefile:96: Crypto.AEAD.Encrypt.Ideal.Invariant.fst-ver] Error 1
.\Crypto.Symmetric.MAC.fst(382,7-382,13) : (Error) Identifier not found: [GF.finish]
Module GF resolved into Crypto.Symmetric.GF128, definition finish not found
Unexpected error
FStar_Syntax_Syntax.Error(_)
Raised by primitive operation at file "src/batString.mlv", line 145, characters 30-54
Called from file "src/batReturn.ml", line 29, characters 6-29

make[4]: *** [Makefile:96: Crypto.AEAD.MAC_Wrapper.Invariant.fst-ver] Error 1
.\Crypto.Symmetric.MAC.fst(382,7-382,13) : (Error) Identifier not found: [GF.finish]
Module GF resolved into Crypto.Symmetric.GF128, definition finish not found
Unexpected error
FStar_Syntax_Syntax.Error(_)
Raised by primitive operation at file "src/batString.mlv", line 145, characters 30-54
Called from file "src/batReturn.ml", line 29, characters 6-29

make[4]: *** [Makefile:96: Crypto.AEAD.fst-ver] Error 1
.\Crypto.Symmetric.GF128.fst(29,23-29,26): (Error) Subtyping check failed; expected type (len#241717:t{(b2t (op_LessThanOrEqual (op_Addition (v (uint_to_t 0)) (v len@0)) (length b)))}); got type t (see C:\Build\Agent\_work\1\s\ulib\FStar.Buffer.fst(855,18-855,41))
.\Crypto.Symmetric.GF128.fst(205,92-205,116): (Error) could not prove post-condition
.\Crypto.Symmetric.GF128.fst(231,16-231,35): (Error) assertion failed (see C:\Build\Agent\_work\1\s\ulib\FStar.UInt128.fst(23,12-23,32))
.\Crypto.Symmetric.GF128.fst(264,2-264,8): (Error) assertion failed (see .\Crypto.Symmetric.GF128.fst(264,8-264,30))
Verified module: Crypto.Symmetric.GF128 (246639 milliseconds)
4 errors were reported (see above)
make[4]: *** [Makefile:96: Crypto.Symmetric.GF128.fst-ver] Error 1
make[4]: Target 'all' not remade because of errors.
make[3]: *** [Makefile:35: uall] Error 2
make[2]: *** [Makefile:48: low-level.uall] Error 2
make[2]: Target 'uall' not remade because of errors.
make[1]: *** [Makefile:272: uexamples] Error 2
make[1]: Target 'uregressions' not remade because of errors.
make: *** [Makefile:249: utest] Error 2
