Warning: Unable to open hints file: C:\Build\Agent\_work\3\s\src\tls\Flags.fst.hints; ran without hints
.\TLSConstants.fst(42,0-42,63): (Warning) Top-level let-bindings must be total; this term may have effects
.\TLSConstants.fst(44,0-45,25): (Warning) Top-level let-bindings must be total; this term may have effects
.\Nonce.fst(47,0-48,55): (Warning) Top-level let-bindings must be total; this term may have effects
.\IdNonce.fst(20,0-21,60): (Warning) Top-level let-bindings must be total; this term may have effects
.\Signature.fst(105,0-105,67): (Warning) Top-level let-bindings must be total; this term may have effects
.\Nonce.fst(132,0-132,40): (Warning) Top-level let-bindings must be total; this term may have effects
.\Signature.fst(180,0-180,32): (Warning) Top-level let-bindings must be total; this term may have effects
.\MasterSecret.fst(34,0-35,75): (Warning) Top-level let-bindings must be total; this term may have effects
.\ConnInvariant.fst(91,0-92,64): (Warning) Top-level let-bindings must be total; this term may have effects
WARNING: (413092,44): '=' cannot be used in patterns.
WARNING: (413092,44): 'if' cannot be used in patterns.
WARNING: (413092,44): 'if' cannot be used in patterns.
.\StreamPlain.fst(81,0-144,57): (Error) Unknown assertion failed
Verified module: StreamPlain (216972 milliseconds)
1 error was reported (see above)
make: *** [Makefile:239: StreamPlain.fst-ver] Error 1
WARNING: (424445,44): '=' cannot be used in patterns.
WARNING: (424445,44): 'if' cannot be used in patterns.
WARNING: (424445,44): 'if' cannot be used in patterns.
.\StAE.fst(277,0-280,55): (Error) Unknown assertion failed
.\StAE.fst(351,19-351,26): (Error) assertion failed (see .\StreamAE.fst(203,6-203,61))
.\StAE.fst(407,27-407,49): (Error) Subtyping check failed; expected type plainLen; got type nat (see .\StreamPlain.fst(32,24-32,37))
Verified module: StAE (574046 milliseconds)
3 errors were reported (see above)
make: *** [Makefile:239: StAE.fst-ver] Error 1
.\StreamAE.fst(291,43-291,44): (Error) Subtyping check failed; expected type (n#7735:nat{(b2t (op_LessThanOrEqual (repr_bytes n@0) (noncelen i)))}); got type (match (authId i) with
| true  -> (seqn_val (__proj__State__item__region d) (__proj__State__item__log d) max_ctr)
|_  -> counter) (see C:\Build\Agent\_work\3\s\fstar\ucontrib\Platform\fst\Platform.Bytes.fst(146,41-146,58))
Verified module: StreamAE (796081 milliseconds)
1 error was reported (see above)
make: *** [Makefile:239: StreamAE.fst-ver] Error 1
make: Target 'all-ver' not remade because of errors.
