Warning: Unable to open hints file: C:\Build\Agent2\_work\2\s\src\tls\Flags.fst.hints; ran without hints
.\TLSConstants.fst(40,34-42,63): (Warning) Top-level let-bindings must be total; this term may have effects
.\TLSConstants.fst(42,63-45,25): (Warning) Top-level let-bindings must be total; this term may have effects
.\Nonce.fst(37,17-48,55): (Warning) Top-level let-bindings must be total; this term may have effects
.\IdNonce.fst(16,46-21,60): (Warning) Top-level let-bindings must be total; this term may have effects
Unexpected error; please file a bug report, ideally with a minimized version of the source program that triggered the error.
Sys_error("Invalid argument")
make: *** [Makefile:248: TLSConstants.fst-ver] Error 1
make: *** Waiting for unfinished jobs....
Unexpected error; please file a bug report, ideally with a minimized version of the source program that triggered the error.
Sys_error("Invalid argument")
make: *** [Makefile:248: Signature.fst-ver] Error 1
.\MasterSecret.fst(32,17-35,75): (Warning) Top-level let-bindings must be total; this term may have effects
.\Nonce.fst(129,38-132,40): (Warning) Top-level let-bindings must be total; this term may have effects
.\StreamPlain.fst(77,61-141,57): (Error) Unknown assertion failed
Verified module: StreamPlain (415664 milliseconds)
1 error was reported (see above)
make: *** [Makefile:248: StreamPlain.fst-ver] Error 1
WARNING: (397109,44): '=' cannot be used in patterns.
WARNING: (397109,44): 'if' cannot be used in patterns.
WARNING: (397109,44): 'if' cannot be used in patterns.
.\Range.fst(257,67-266,86): (Error) Unknown assertion failed
Verified module: Range (745764 milliseconds)
1 error was reported (see above)
make: *** [Makefile:248: Range.fst-ver] Error 1
.\StatefulLHAE.fst(55,15-55,21): (Error) Subtyping check failed; expected type rgn; got type rid (see .\TLSConstants.fst(37,101-37,123))
.\StatefulLHAE.fst(69,21-69,27): (Error) Subtyping check failed; expected type rgn; got type rid (see .\TLSConstants.fst(37,101-37,123))
.\StatefulLHAE.fst(80,18-80,24): (Error) Subtyping check failed; expected type rgn; got type rid (see .\TLSConstants.fst(37,101-37,123))
Verified module: StatefulLHAE (746147 milliseconds)
3 errors were reported (see above)
make: *** [Makefile:248: StatefulLHAE.fst-ver] Error 1
.\StreamAE.fst(128,22-128,23): (Error) Subtyping check failed; expected type id; got type id (see .\AEADProvider.fst(73,36-73,57))
.\StreamAE.fst(156,29-156,35): (Error) Subtyping check failed; expected type rgn; got type rid (see .\TLSConstants.fst(36,25-36,35))
.\StreamAE.fst(212,42-212,43): (Error) Subtyping check failed; expected type (n#7849:nat{(b2t (op_LessThanOrEqual (repr_bytes n@0) (noncelen i)))}); got type (match (authId i) with
| true  -> (seqn_val (__proj__State__item__region e) (__proj__State__item__log e) max_ctr)
|_  -> counter) (see C:\Build\Agent2\_work\2\s\fstar\ucontrib\Platform\fst\Platform.Bytes.fst(146,41-146,58))
.\StreamAE.fst(275,43-275,44): (Error) Subtyping check failed; expected type (n#7849:nat{(b2t (op_LessThanOrEqual (repr_bytes n@0) (noncelen i)))}); got type (match (authId i) with
| true  -> (seqn_val (__proj__State__item__region d) (__proj__State__item__log d) max_ctr)
|_  -> counter) (see C:\Build\Agent2\_work\2\s\fstar\ucontrib\Platform\fst\Platform.Bytes.fst(146,41-146,58))
Verified module: StreamAE (1957811 milliseconds)
4 errors were reported (see above)
make: *** [Makefile:248: StreamAE.fst-ver] Error 1
