Warning: Unable to open hints file: C:\Build\Agent2\_work\2\s\src\tls\Flags.fst.hints; ran without hints
.\TLSConstants.fst(42,0-42,63): (Warning) Top-level let-bindings must be total; this term may have effects
.\TLSConstants.fst(44,0-45,25): (Warning) Top-level let-bindings must be total; this term may have effects
.\Nonce.fst(47,0-48,55): (Warning) Top-level let-bindings must be total; this term may have effects
.\IdNonce.fst(20,0-21,60): (Warning) Top-level let-bindings must be total; this term may have effects
.\Signature.fst(100,0-100,67): (Warning) Top-level let-bindings must be total; this term may have effects
.\Nonce.fst(132,0-132,40): (Warning) Top-level let-bindings must be total; this term may have effects
.\Signature.fst(175,0-175,32): (Warning) Top-level let-bindings must be total; this term may have effects
.\MasterSecret.fst(34,0-35,75): (Warning) Top-level let-bindings must be total; this term may have effects
.\ConnInvariant.fst(91,0-92,64): (Warning) Top-level let-bindings must be total; this term may have effects
.\StreamPlain.fst(78,0-141,57): (Error) Unknown assertion failed
Verified module: StreamPlain (328713 milliseconds)
1 error was reported (see above)
make: *** [Makefile:250: StreamPlain.fst-ver] Error 1
WARNING: (412780,44): '=' cannot be used in patterns.
WARNING: (412780,44): 'if' cannot be used in patterns.
WARNING: (412780,44): 'if' cannot be used in patterns.
.\StatefulLHAE.fst(55,15-55,21): (Error) Subtyping check failed; expected type rgn; got type rid (see .\TLSConstants.fst(37,101-37,123))
.\StatefulLHAE.fst(69,21-69,27): (Error) Subtyping check failed; expected type rgn; got type rid (see .\TLSConstants.fst(37,101-37,123))
.\StatefulLHAE.fst(80,18-80,24): (Error) Subtyping check failed; expected type rgn; got type rid (see .\TLSConstants.fst(37,101-37,123))
Verified module: StatefulLHAE (503240 milliseconds)
3 errors were reported (see above)
make: *** [Makefile:250: StatefulLHAE.fst-ver] Error 1
WARNING: (424096,44): '=' cannot be used in patterns.
WARNING: (424096,44): 'if' cannot be used in patterns.
WARNING: (424096,44): 'if' cannot be used in patterns.
.\StAE.fst(322,0-358,7): (Error) Unknown assertion failed
.\StAE.fst(404,27-404,49): (Error) Subtyping check failed; expected type plainLen; got type nat (see .\StreamPlain.fst(29,24-29,37))
Verified module: StAE (651343 milliseconds)
2 errors were reported (see above)
make: *** [Makefile:250: StAE.fst-ver] Error 1
.\StreamAE.fst(156,19-156,28): (Error) assertion failed (see .\AEADProvider.fst(242,22-242,59))
.\StreamAE.fst(212,42-212,43): (Error) Subtyping check failed; expected type (n#7735:nat{(b2t (op_LessThanOrEqual (repr_bytes n@0) (noncelen i)))}); got type (match (authId i) with
| true  -> (seqn_val (__proj__State__item__region e) (__proj__State__item__log e) max_ctr)
|_  -> counter) (see C:\Build\Agent2\_work\2\s\fstar\ucontrib\Platform\fst\Platform.Bytes.fst(146,41-146,58))
.\StreamAE.fst(275,43-275,44): (Error) Subtyping check failed; expected type (n#7735:nat{(b2t (op_LessThanOrEqual (repr_bytes n@0) (noncelen i)))}); got type (match (authId i) with
| true  -> (seqn_val (__proj__State__item__region d) (__proj__State__item__log d) max_ctr)
|_  -> counter) (see C:\Build\Agent2\_work\2\s\fstar\ucontrib\Platform\fst\Platform.Bytes.fst(146,41-146,58))
Verified module: StreamAE (1305141 milliseconds)
3 errors were reported (see above)
make: *** [Makefile:250: StreamAE.fst-ver] Error 1
make: Target 'all-ver' not remade because of errors.
