Warning: Unable to open hints file: C:\Build\Agent\_work\3\s\src\tls\Flags.fst.hints; ran without hints
.\TLSConstants.fst(40,34-42,63): (Warning) Top-level let-bindings must be total; this term may have effects
.\TLSConstants.fst(42,63-45,25): (Warning) Top-level let-bindings must be total; this term may have effects
.\Nonce.fst(37,17-48,55): (Warning) Top-level let-bindings must be total; this term may have effects
.\IdNonce.fst(16,46-21,60): (Warning) Top-level let-bindings must be total; this term may have effects
.\Nonce.fst(129,38-132,40): (Warning) Top-level let-bindings must be total; this term may have effects
.\Signature.fst(174,43-175,32): (Warning) Top-level let-bindings must be total; this term may have effects
ffi.c:1:0: warning: -fPIC ignored for target (all code is position independent)
#include <stdio.h>
^
ffi.c:1:0: warning: -fPIC ignored for target (all code is position independent)
#include <stdio.h>
^
.\Connection.fst(112,233-113,40): (Error) Unknown assertion failed
Verified module: Connection (83001 milliseconds)
1 error was reported (see above)
make: *** [Makefile:248: Connection.fst-ver] Error 1
make: *** Waiting for unfinished jobs....
.\ConnInvariant.fst(89,72-92,64): (Warning) Top-level let-bindings must be total; this term may have effects
.\MasterSecret.fst(32,17-35,75): (Warning) Top-level let-bindings must be total; this term may have effects
make[2]: warning: jobserver unavailable: using -j1.  Add '+' to parent make rule.
make[2]: warning: jobserver unavailable: using -j1.  Add '+' to parent make rule.
make[2]: warning: jobserver unavailable: using -j1.  Add '+' to parent make rule.
make[2]: ../../../kremlin/krml: Command not found
make[2]: *** [Makefile:202: krml-test.exe] Error 127
make[1]: *** [Makefile:67: ../krml-test.exe] Error 2
make: *** [Makefile:349: tls-gen-spartan] Error 2
.\StreamPlain.fst(77,61-141,57): (Error) Unknown assertion failed
Verified module: StreamPlain (729067 milliseconds)
1 error was reported (see above)
make: *** [Makefile:248: StreamPlain.fst-ver] Error 1
WARNING: (396125,44): '=' cannot be used in patterns.
WARNING: (396125,44): 'if' cannot be used in patterns.
WARNING: (396125,44): 'if' cannot be used in patterns.
.\Range.fst(257,67-266,86): (Error) Unknown assertion failed
Verified module: Range (593075 milliseconds)
1 error was reported (see above)
make: *** [Makefile:248: Range.fst-ver] Error 1
.\StatefulLHAE.fst(55,15-55,21): (Error) Subtyping check failed; expected type rgn; got type rid (see .\TLSConstants.fst(37,101-37,123))
.\StatefulLHAE.fst(69,21-69,27): (Error) Subtyping check failed; expected type rgn; got type rid (see .\TLSConstants.fst(37,101-37,123))
.\StatefulLHAE.fst(80,18-80,24): (Error) Subtyping check failed; expected type rgn; got type rid (see .\TLSConstants.fst(37,101-37,123))
.\StatefulLHAE.fst(88,17-112,43): (Error) Unknown assertion failed
Verified module: StatefulLHAE (621646 milliseconds)
4 errors were reported (see above)
make: *** [Makefile:248: StatefulLHAE.fst-ver] Error 1
WARNING: (407308,44): '=' cannot be used in patterns.
WARNING: (407308,44): 'if' cannot be used in patterns.
WARNING: (407308,44): 'if' cannot be used in patterns.
.\StAE.fst(272,31-277,55): (Error) Unknown assertion failed
.\StAE.fst(321,60-358,7): (Error) Unknown assertion failed
Verified module: StAE (1336560 milliseconds)
2 errors were reported (see above)
make: *** [Makefile:248: StAE.fst-ver] Error 1
.\StreamAE.fst(128,22-128,23): (Error) Subtyping check failed; expected type id; got type id (see .\AEADProvider.fst(73,36-73,57))
.\StreamAE.fst(156,19-156,28): (Error) assertion failed (see .\AEADProvider.fst(239,22-239,59))
.\StreamAE.fst(212,42-212,43): (Error) Subtyping check failed; expected type (n#7849:nat{(b2t (op_LessThanOrEqual (repr_bytes n@0) (noncelen i)))}); got type (match (authId i) with
| true  -> (seqn_val (__proj__State__item__region e) (__proj__State__item__log e) max_ctr)
|_  -> counter) (see C:\Build\Agent\_work\3\s\fstar\ucontrib\Platform\fst\Platform.Bytes.fst(146,41-146,58))
.\StreamAE.fst(275,43-275,44): (Error) Subtyping check failed; expected type (n#7849:nat{(b2t (op_LessThanOrEqual (repr_bytes n@0) (noncelen i)))}); got type (match (authId i) with
| true  -> (seqn_val (__proj__State__item__region d) (__proj__State__item__log d) max_ctr)
|_  -> counter) (see C:\Build\Agent\_work\3\s\fstar\ucontrib\Platform\fst\Platform.Bytes.fst(146,41-146,58))
Verified module: StreamAE (1420278 milliseconds)
4 errors were reported (see above)
make: *** [Makefile:248: StreamAE.fst-ver] Error 1
