Warning: Unable to open hints file: C:\Build\Agent\_work\3\s\src\tls\Flags.fst.hints; ran without hints
.\TLSConstants.fst(1130,6-1130,22) : (Error) Identifier not found: [Seq.lemma_append_inj]
Module Seq resolved into FStar.Seq, definition lemma_append_inj not found
make: *** [Makefile:248: TLSConstants.fst-ver] Error 1
make: *** Waiting for unfinished jobs....
.\TLSConstants.fst(1130,6-1130,22) : (Error) Identifier not found: [Seq.lemma_append_inj]
Module Seq resolved into FStar.Seq, definition lemma_append_inj not found
make: *** [Makefile:248: StreamAE.fst-ver] Error 1
.\TLSConstants.fst(1130,6-1130,22) : (Error) Identifier not found: [Seq.lemma_append_inj]
Module Seq resolved into FStar.Seq, definition lemma_append_inj not found
make: *** [Makefile:248: Signature.fst-ver] Error 1
.\TLSConstants.fst(1130,6-1130,22) : (Error) Identifier not found: [Seq.lemma_append_inj]
Module Seq resolved into FStar.Seq, definition lemma_append_inj not found
make: *** [Makefile:248: Hashing.fst-ver] Error 1
.\TLSConstants.fst(1130,6-1130,22) : (Error) Identifier not found: [Seq.lemma_append_inj]
Module Seq resolved into FStar.Seq, definition lemma_append_inj not found
make: *** [Makefile:248: RSAKey.fst-ver] Error 1
.\TLSConstants.fst(1130,6-1130,22) : (Error) Identifier not found: [Seq.lemma_append_inj]
Module Seq resolved into FStar.Seq, definition lemma_append_inj not found
make: *** [Makefile:248: PMS.fst-ver] Error 1
.\TLSConstants.fst(1130,6-1130,22) : (Error) Identifier not found: [Seq.lemma_append_inj]
Module Seq resolved into FStar.Seq, definition lemma_append_inj not found
make: *** [Makefile:248: HashMAC.fst-ver] Error 1
.\TLSConstants.fst(1130,6-1130,22) : (Error) Identifier not found: [Seq.lemma_append_inj]
Module Seq resolved into FStar.Seq, definition lemma_append_inj not found
.\TLSConstants.fst(1130,6-1130,22) : (Error) Identifier not found: [Seq.lemma_append_inj]
Module Seq resolved into FStar.Seq, definition lemma_append_inj not found
.\TLSConstants.fst(1130,6-1130,22) : (Error) Identifier not found: [Seq.lemma_append_inj]
Module Seq resolved into FStar.Seq, definition lemma_append_inj not found
make: *** [Makefile:248: ECGroup.fst-ver] Error 1
make: *** [Makefile:248: DHGroup.fst-ver] Error 1
make: *** [Makefile:248: Cert.fst-ver] Error 1
.\TLSConstants.fst(1130,6-1130,22) : (Error) Identifier not found: [Seq.lemma_append_inj]
Module Seq resolved into FStar.Seq, definition lemma_append_inj not found
make: *** [Makefile:248: TLSExtensions.fst-ver] Error 1
.\TLSConstants.fst(1130,6-1130,22) : (Error) Identifier not found: [Seq.lemma_append_inj]
Module Seq resolved into FStar.Seq, definition lemma_append_inj not found
make: *** [Makefile:248: CommonDH.fst-ver] Error 1
.\TLSConstants.fst(1130,6-1130,22) : (Error) Identifier not found: [Seq.lemma_append_inj]
Module Seq resolved into FStar.Seq, definition lemma_append_inj not found
make: *** [Makefile:248: IdNonce.fst-ver] Error 1
.\TLSConstants.fst(1130,6-1130,22) : (Error) Identifier not found: [Seq.lemma_append_inj]
Module Seq resolved into FStar.Seq, definition lemma_append_inj not found
make: *** [Makefile:248: Nonce.fst-ver] Error 1
.\TLSConstants.fst(1130,6-1130,22) : (Error) Identifier not found: [Seq.lemma_append_inj]
Module Seq resolved into FStar.Seq, definition lemma_append_inj not found
make: *** [Makefile:248: TLSInfo.fst-ver] Error 1
.\TLSConstants.fst(1130,6-1130,22) : (Error) Identifier not found: [Seq.lemma_append_inj]
Module Seq resolved into FStar.Seq, definition lemma_append_inj not found
make: *** [Makefile:248: DataStream.fst-ver] Error 1
.\TLSConstants.fst(1130,6-1130,22) : (Error) Identifier not found: [Seq.lemma_append_inj]
Module Seq resolved into FStar.Seq, definition lemma_append_inj not found
.\TLSConstants.fst(1130,6-1130,22) : (Error) Identifier not found: [Seq.lemma_append_inj]
Module Seq resolved into FStar.Seq, definition lemma_append_inj not found
.\TLSConstants.fst(1130,6-1130,22) : (Error) Identifier not found: [Seq.lemma_append_inj]
Module Seq resolved into FStar.Seq, definition lemma_append_inj not found
.\TLSConstants.fst(1130,6-1130,22) : (Error) Identifier not found: [Seq.lemma_append_inj]
Module Seq resolved into FStar.Seq, definition lemma_append_inj not found
make: *** [Makefile:248: Range.fst-ver] Error 1
make: *** [Makefile:248: Alert.fst-ver] Error 1
make: *** [Makefile:248: Content.fst-ver] Error 1
make: *** [Makefile:248: StreamPlain.fst-ver] Error 1
.\TLSConstants.fst(1130,6-1130,22) : (Error) Identifier not found: [Seq.lemma_append_inj]
Module Seq resolved into FStar.Seq, definition lemma_append_inj not found
make: *** [Makefile:248: MasterSecret.fst-ver] Error 1
