Warning: Unable to open hints file: C:\Build\Agent\_work\3\s\src\tls\Flags.fst.hints; ran without hints
.\Nonce.fst(37,17-48,55): (Warning) Top-level let-bindings must be total; this term may have effects
.\TLSConstants.fst(40,34-42,63): (Warning) Top-level let-bindings must be total; this term may have effects
.\TLSConstants.fst(42,63-45,25): (Warning) Top-level let-bindings must be total; this term may have effects
.\IdNonce.fst(16,46-21,60): (Warning) Top-level let-bindings must be total; this term may have effects
.\Nonce.fst(129,38-132,40): (Warning) Top-level let-bindings must be total; this term may have effects
.\Signature.fst(174,43-175,32): (Warning) Top-level let-bindings must be total; this term may have effects
ffi.c:1:0: warning: -fPIC ignored for target (all code is position independent)
 #include <stdio.h>
 ^
ffi.c:1:0: warning: -fPIC ignored for target (all code is position independent)
 #include <stdio.h>
 ^
.\MasterSecret.fst(32,17-35,75): (Warning) Top-level let-bindings must be total; this term may have effects
.\ConnInvariant.fst(89,72-92,64): (Warning) Top-level let-bindings must be total; this term may have effects
make[2]: warning: jobserver unavailable: using -j1.  Add '+' to parent make rule.
make[2]: warning: jobserver unavailable: using -j1.  Add '+' to parent make rule.
make[2]: warning: jobserver unavailable: using -j1.  Add '+' to parent make rule.
make[2]: ../../../kremlin/krml: Command not found
make[2]: *** [Makefile:202: krml-test.exe] Error 127
make[1]: *** [Makefile:67: ../krml-test.exe] Error 2
make: *** [Makefile:345: tls-gen-hacl] Error 2
make: *** Waiting for unfinished jobs....
WARNING: (396786,44): '=' cannot be used in patterns.
WARNING: (396786,44): 'if' cannot be used in patterns.
WARNING: (396786,44): 'if' cannot be used in patterns.
.\StreamPlain.fst(77,61-141,57): (Error) Unknown assertion failed
Verified module: StreamPlain (342369 milliseconds)
1 error was reported (see above)
make: *** [Makefile:248: StreamPlain.fst-ver] Error 1
.\Range.fst(182,80-201,8): (Error) Unknown assertion failed
.\Range.fst(257,67-266,86): (Error) Unknown assertion failed
Verified module: Range (531887 milliseconds)
2 errors were reported (see above)
make: *** [Makefile:248: Range.fst-ver] Error 1
WARNING: (407969,44): '=' cannot be used in patterns.
WARNING: (407969,44): 'if' cannot be used in patterns.
WARNING: (407969,44): 'if' cannot be used in patterns.
.\AEAD_GCM.fst(139,19-139,28): (Error) assertion failed (see .\AEADProvider.fst(230,22-230,59))
.\AEAD_GCM.fst(164,10-164,11): (Error) Failed to verify implicit argument: Subtyping check failed; expected type (i#18104:id{(l_not (b2t (prf i@0)))}); got type (i#97044:id{(l_not (b2t (authId i@0)))}) (see .\AEADProvider.fst(211,16-211,29))
.\AEAD_GCM.fst(208,6-208,9): (Error) Subtyping check failed; expected type (adata i); got type bytes (see C:\Build\Agent\_work\3\s\fstar\ucontrib\Platform\fst\Platform.Bytes.fst(59,30-59,42))
.\AEAD_GCM.fst(282,8-282,11): (Error) Subtyping check failed; expected type (adata i); got type bytes (see C:\Build\Agent\_work\3\s\fstar\ucontrib\Platform\fst\Platform.Bytes.fst(59,30-59,42))
Verified module: AEAD_GCM (1164074 milliseconds)
4 errors were reported (see above)
make: *** [Makefile:248: AEAD_GCM.fst-ver] Error 1
.\StreamAE.fst(156,19-156,28): (Error) assertion failed (see .\AEADProvider.fst(230,22-230,59))
.\StreamAE.fst(181,10-181,11): (Error) Failed to verify implicit argument: Subtyping check failed; expected type (i#18104:id{(l_not (b2t (prf i@0)))}); got type (i#87205:id{(l_not (b2t (authId i@0)))}) (see .\AEADProvider.fst(211,16-211,29))
.\StreamAE.fst(211,6-211,7): (Error) Subtyping check failed; expected type (n#7849:nat{(b2t (op_LessThanOrEqual (repr_bytes n@0) (noncelen i)))}); got type (match (authId i) with
	| true  -> (seqn_val (__proj__State__item__region e) (__proj__State__item__log e) max_ctr)
	|_  -> counter) (see C:\Build\Agent\_work\3\s\fstar\ucontrib\Platform\fst\Platform.Bytes.fst(146,41-146,58))
.\StreamAE.fst(260,6-260,7): (Error) Subtyping check failed; expected type (n#7849:nat{(b2t (op_LessThanOrEqual (repr_bytes n@0) (noncelen i)))}); got type (match (authId i) with
	| true  -> (seqn_val (__proj__State__item__region d) (__proj__State__item__log d) max_ctr)
	|_  -> counter) (see C:\Build\Agent\_work\3\s\fstar\ucontrib\Platform\fst\Platform.Bytes.fst(146,41-146,58))
Verified module: StreamAE (1322371 milliseconds)
4 errors were reported (see above)
make: *** [Makefile:248: StreamAE.fst-ver] Error 1
